#
# There is insufficient memory for the Java Runtime Environment to continue.
# Native memory allocation (malloc) failed to allocate 1227792 bytes for Chunk::new
# Possible reasons:
#   The system is out of physical RAM or swap space
#   The process is running with CompressedOops enabled, and the Java Heap may be blocking the growth of the native heap
# Possible solutions:
#   Reduce memory load on the system
#   Increase physical memory or swap space
#   Check if swap backing store is full
#   Decrease Java heap size (-Xmx/-Xms)
#   Decrease number of Java threads
#   Decrease Java thread stack sizes (-Xss)
#   Set larger code cache with -XX:ReservedCodeCacheSize=
#   JVM is running with Unscaled Compressed Oops mode in which the Java heap is
#     placed in the first 4GB address space. The Java Heap base address is the
#     maximum limit for the native heap growth. Please use -XX:HeapBaseMinAddress
#     to set the Java Heap base and to place the Java Heap above 4GB virtual address.
# This output file may be truncated or incomplete.
#
#  Out of Memory Error (arena.cpp:191), pid=7224, tid=18500
#
# JRE version: OpenJDK Runtime Environment (17.0.10) (build 17.0.10+0--11572160)
# Java VM: OpenJDK 64-Bit Server VM (17.0.10+0--11572160, mixed mode, tiered, compressed oops, compressed class ptrs, g1 gc, windows-amd64)
# No core dump will be written. Minidumps are not enabled by default on client versions of Windows
#

---------------  S U M M A R Y ------------

Command Line: --add-opens=java.base/java.util=ALL-UNNAMED --add-opens=java.base/java.lang=ALL-UNNAMED --add-opens=java.base/java.lang.invoke=ALL-UNNAMED --add-opens=java.prefs/java.util.prefs=ALL-UNNAMED --add-opens=java.base/java.nio.charset=ALL-UNNAMED --add-opens=java.base/java.net=ALL-UNNAMED --add-opens=java.base/java.util.concurrent.atomic=ALL-UNNAMED -Xmx2048m -Dfile.encoding=UTF-8 -Duser.country=ES -Duser.language=es -Duser.variant -javaagent:C:\Users\Sistemas\.gradle\wrapper\dists\gradle-8.6-bin\afr5mpiioh2wthjmwnkmdsd5w\gradle-8.6\lib\agents\gradle-instrumentation-agent-8.6.jar org.gradle.launcher.daemon.bootstrap.GradleDaemon 8.6

Host: Intel(R) Core(TM) i7-7500U CPU @ 2.70GHz, 4 cores, 15G,  Windows 10 , 64 bit Build 19041 (10.0.19041.3636)
Time: Mon Jun  3 21:54:33 2024 Hora estándar de Argentina elapsed time: 27.200640 seconds (0d 0h 0m 27s)

---------------  T H R E A D  ---------------

Current thread (0x000002577f037a70):  JavaThread "C2 CompilerThread0" daemon [_thread_in_native, id=18500, stack(0x000000a68f600000,0x000000a68f700000)]


Current CompileTask:
C2:  27200 5858       4       org.jetbrains.kotlin.com.intellij.openapi.vfs.impl.ArchiveHandler::processEntry (225 bytes)

Stack: [0x000000a68f600000,0x000000a68f700000]
Native frames: (J=compiled Java code, j=interpreted, Vv=VM code, C=native code)
V  [jvm.dll+0x688e89]
V  [jvm.dll+0x84247a]
V  [jvm.dll+0x8440be]
V  [jvm.dll+0x844723]
V  [jvm.dll+0x24be0f]
V  [jvm.dll+0xac524]
V  [jvm.dll+0xacb6c]
V  [jvm.dll+0x36bd67]
V  [jvm.dll+0x1be002]
V  [jvm.dll+0x21dbf9]
V  [jvm.dll+0x21cec1]
V  [jvm.dll+0x1a60ad]
V  [jvm.dll+0x22cd78]
V  [jvm.dll+0x22aeb0]
V  [jvm.dll+0x7f6917]
V  [jvm.dll+0x7f0d1a]
V  [jvm.dll+0x687d05]
C  [ucrtbase.dll+0x21bb2]
C  [KERNEL32.DLL+0x17344]
C  [ntdll.dll+0x526b1]


---------------  P R O C E S S  ---------------

Threads class SMR info:
_java_thread_list=0x0000025719689df0, length=42, elements={
0x000002577887fe80, 0x000002577f006620, 0x000002577f008050, 0x000002577eff2600,
0x000002577f02f030, 0x000002577f0320b0, 0x000002577f033120, 0x000002577f037a70,
0x000002577f03c840, 0x000002577f03f160, 0x000002577f120010, 0x000002577f3580f0,
0x00000257181ebf00, 0x0000025718789080, 0x0000025718ffa660, 0x0000025717cf4600,
0x0000025717935530, 0x0000025719264a10, 0x0000025717935de0, 0x0000025719085bd0,
0x0000025719087010, 0x0000025719086b00, 0x0000025719087520, 0x0000025719084ca0,
0x00000257190860e0, 0x0000025719087f40, 0x00000257190851b0, 0x0000025719084790,
0x00000257190856c0, 0x00000257190865f0, 0x000002571962be50, 0x0000025719628190,
0x00000257196295d0, 0x0000025719625e20, 0x0000025719626840, 0x0000025719627c80,
0x0000025719627260, 0x0000025719629ae0, 0x0000025719629ff0, 0x0000025719627770,
0x000002571962c360, 0x00000257196290c0
}

Java Threads: ( => current thread )
  0x000002577887fe80 JavaThread "main" [_thread_blocked, id=12240, stack(0x000000a68e800000,0x000000a68e900000)]
  0x000002577f006620 JavaThread "Reference Handler" daemon [_thread_blocked, id=9432, stack(0x000000a68ef00000,0x000000a68f000000)]
  0x000002577f008050 JavaThread "Finalizer" daemon [_thread_blocked, id=20024, stack(0x000000a68f000000,0x000000a68f100000)]
  0x000002577eff2600 JavaThread "Signal Dispatcher" daemon [_thread_blocked, id=3180, stack(0x000000a68f200000,0x000000a68f300000)]
  0x000002577f02f030 JavaThread "Attach Listener" daemon [_thread_blocked, id=11752, stack(0x000000a68f300000,0x000000a68f400000)]
  0x000002577f0320b0 JavaThread "Service Thread" daemon [_thread_blocked, id=4272, stack(0x000000a68f400000,0x000000a68f500000)]
  0x000002577f033120 JavaThread "Monitor Deflation Thread" daemon [_thread_blocked, id=19000, stack(0x000000a68f500000,0x000000a68f600000)]
=>0x000002577f037a70 JavaThread "C2 CompilerThread0" daemon [_thread_in_native, id=18500, stack(0x000000a68f600000,0x000000a68f700000)]
  0x000002577f03c840 JavaThread "C1 CompilerThread0" daemon [_thread_in_vm, id=19324, stack(0x000000a68f700000,0x000000a68f800000)]
  0x000002577f03f160 JavaThread "Sweeper thread" daemon [_thread_blocked, id=6068, stack(0x000000a68f800000,0x000000a68f900000)]
  0x000002577f120010 JavaThread "Common-Cleaner" daemon [_thread_blocked, id=1916, stack(0x000000a68f900000,0x000000a68fa00000)]
  0x000002577f3580f0 JavaThread "Notification Thread" daemon [_thread_blocked, id=19636, stack(0x000000a68fa00000,0x000000a68fb00000)]
  0x00000257181ebf00 JavaThread "Daemon health stats" [_thread_blocked, id=17776, stack(0x000000a690000000,0x000000a690100000)]
  0x0000025718789080 JavaThread "Incoming local TCP Connector on port 59214" [_thread_in_native, id=10104, stack(0x000000a68fc00000,0x000000a68fd00000)]
  0x0000025718ffa660 JavaThread "Daemon periodic checks" [_thread_blocked, id=10196, stack(0x000000a690100000,0x000000a690200000)]
  0x0000025717cf4600 JavaThread "Daemon" [_thread_blocked, id=10452, stack(0x000000a690300000,0x000000a690400000)]
  0x0000025717935530 JavaThread "Handler for socket connection from /127.0.0.1:59214 to /127.0.0.1:59215" [_thread_in_native, id=2384, stack(0x000000a690400000,0x000000a690500000)]
  0x0000025719264a10 JavaThread "Cancel handler" [_thread_blocked, id=16620, stack(0x000000a690500000,0x000000a690600000)]
  0x0000025717935de0 JavaThread "Daemon worker" [_thread_in_Java, id=15676, stack(0x000000a690600000,0x000000a690700000)]
  0x0000025719085bd0 JavaThread "Asynchronous log dispatcher for DefaultDaemonConnection: socket connection from /127.0.0.1:59214 to /127.0.0.1:59215" [_thread_blocked, id=11216, stack(0x000000a690700000,0x000000a690800000)]
  0x0000025719087010 JavaThread "Stdin handler" [_thread_blocked, id=15228, stack(0x000000a690800000,0x000000a690900000)]
  0x0000025719086b00 JavaThread "Daemon client event forwarder" [_thread_blocked, id=17904, stack(0x000000a690900000,0x000000a690a00000)]
  0x0000025719087520 JavaThread "Cache worker for journal cache (C:\Users\Sistemas\.gradle\caches\journal-1)" [_thread_blocked, id=8464, stack(0x000000a690200000,0x000000a690300000)]
  0x0000025719084ca0 JavaThread "File lock request listener" [_thread_in_native, id=10668, stack(0x000000a690a00000,0x000000a690b00000)]
  0x00000257190860e0 JavaThread "Cache worker for file hash cache (C:\Users\Sistemas\.gradle\caches\8.6\fileHashes)" [_thread_blocked, id=18216, stack(0x000000a690b00000,0x000000a690c00000)]
  0x0000025719087f40 JavaThread "File watcher server" daemon [_thread_in_native, id=14952, stack(0x000000a690d00000,0x000000a690e00000)]
  0x00000257190851b0 JavaThread "File watcher consumer" daemon [_thread_blocked, id=14724, stack(0x000000a690e00000,0x000000a690f00000)]
  0x0000025719084790 JavaThread "jar transforms" [_thread_blocked, id=16068, stack(0x000000a690f00000,0x000000a691000000)]
  0x00000257190856c0 JavaThread "jar transforms Thread 2" [_thread_blocked, id=16752, stack(0x000000a691000000,0x000000a691100000)]
  0x00000257190865f0 JavaThread "jar transforms Thread 3" [_thread_blocked, id=9244, stack(0x000000a691100000,0x000000a691200000)]
  0x000002571962be50 JavaThread "jar transforms Thread 4" [_thread_blocked, id=11168, stack(0x000000a691200000,0x000000a691300000)]
  0x0000025719628190 JavaThread "Cache worker for checksums cache (C:\Users\Sistemas\AndroidStudioProjects\StarProyect\.gradle\8.6\checksums)" [_thread_blocked, id=14748, stack(0x000000a690c00000,0x000000a690d00000)]
  0x00000257196295d0 JavaThread "Cache worker for file hash cache (C:\Users\Sistemas\AndroidStudioProjects\StarProyect\.gradle\8.6\fileHashes)" [_thread_blocked, id=17512, stack(0x000000a691400000,0x000000a691500000)]
  0x0000025719625e20 JavaThread "Cache worker for cache directory md-supplier (C:\Users\Sistemas\.gradle\caches\8.6\md-supplier)" [_thread_blocked, id=19204, stack(0x000000a691500000,0x000000a691600000)]
  0x0000025719626840 JavaThread "Cache worker for cache directory md-rule (C:\Users\Sistemas\.gradle\caches\8.6\md-rule)" [_thread_blocked, id=15780, stack(0x000000a691600000,0x000000a691700000)]
  0x0000025719627c80 JavaThread "Cache worker for file content cache (C:\Users\Sistemas\.gradle\caches\8.6\fileContent)" [_thread_blocked, id=7388, stack(0x000000a691700000,0x000000a691800000)]
  0x0000025719627260 JavaThread "Unconstrained build operations" [_thread_blocked, id=10944, stack(0x000000a691800000,0x000000a691900000)]
  0x0000025719629ae0 JavaThread "Unconstrained build operations Thread 2" [_thread_blocked, id=18080, stack(0x000000a691900000,0x000000a691a00000)]
  0x0000025719629ff0 JavaThread "Unconstrained build operations Thread 3" [_thread_blocked, id=17504, stack(0x000000a691b00000,0x000000a691c00000)]
  0x0000025719627770 JavaThread "Unconstrained build operations Thread 4" [_thread_blocked, id=15548, stack(0x000000a691c00000,0x000000a691d00000)]
  0x000002571962c360 JavaThread "Unconstrained build operations Thread 5" [_thread_blocked, id=7488, stack(0x000000a691d00000,0x000000a691e00000)]
  0x00000257196290c0 JavaThread "Cache worker for Build Output Cleanup Cache (C:\Users\Sistemas\AndroidStudioProjects\StarProyect\.gradle\buildOutputCleanup)" [_thread_blocked, id=12496, stack(0x000000a691e00000,0x000000a691f00000)]

Other Threads:
  0x000002577ee8e2d0 VMThread "VM Thread" [stack: 0x000000a68ee00000,0x000000a68ef00000] [id=9424]
  0x000002577f3589f0 WatcherThread [stack: 0x000000a68fb00000,0x000000a68fc00000] [id=1552]
  0x00000257788da500 GCTaskThread "GC Thread#0" [stack: 0x000000a68e900000,0x000000a68ea00000] [id=7864]
  0x000002577f7899d0 GCTaskThread "GC Thread#1" [stack: 0x000000a68fd00000,0x000000a68fe00000] [id=19740]
  0x000002577f789c90 GCTaskThread "GC Thread#2" [stack: 0x000000a68fe00000,0x000000a68ff00000] [id=8292]
  0x000002577fb26010 GCTaskThread "GC Thread#3" [stack: 0x000000a68ff00000,0x000000a690000000] [id=18228]
  0x00000257788eb360 ConcurrentGCThread "G1 Main Marker" [stack: 0x000000a68ea00000,0x000000a68eb00000] [id=20372]
  0x00000257788ec430 ConcurrentGCThread "G1 Conc#0" [stack: 0x000000a68eb00000,0x000000a68ec00000] [id=7936]
  0x000002577893d9c0 ConcurrentGCThread "G1 Refine#0" [stack: 0x000000a68ec00000,0x000000a68ed00000] [id=2500]
  0x0000025718626200 ConcurrentGCThread "G1 Refine#1" [stack: 0x000000a691300000,0x000000a691400000] [id=7348]
  0x000002577893e300 ConcurrentGCThread "G1 Service" [stack: 0x000000a68ed00000,0x000000a68ee00000] [id=11372]

Threads with active compile tasks:
C2 CompilerThread0    27255 5858       4       org.jetbrains.kotlin.com.intellij.openapi.vfs.impl.ArchiveHandler::processEntry (225 bytes)

VM state: not at safepoint (normal execution)

VM Mutex/Monitor currently owned by a thread: None

Heap address: 0x0000000080000000, size: 2048 MB, Compressed Oops mode: 32-bit

CDS archive(s) not mapped
Compressed class space mapped at: 0x0000000100000000-0x0000000140000000, reserved size: 1073741824
Narrow klass base: 0x0000000000000000, Narrow klass shift: 3, Narrow klass range: 0x140000000

GC Precious Log:
 CPUs: 4 total, 4 available
 Memory: 16268M
 Large Page Support: Disabled
 NUMA Support: Disabled
 Compressed Oops: Enabled (32-bit)
 Heap Region Size: 1M
 Heap Min Capacity: 8M
 Heap Initial Capacity: 256M
 Heap Max Capacity: 2G
 Pre-touch: Disabled
 Parallel Workers: 4
 Concurrent Workers: 1
 Concurrent Refinement Workers: 4
 Periodic GC: Disabled

Heap:
 garbage-first heap   total 165888K, used 117302K [0x0000000080000000, 0x0000000100000000)
  region size 1024K, 43 young (44032K), 3 survivors (3072K)
 Metaspace       used 77007K, committed 77696K, reserved 1179648K
  class space    used 10892K, committed 11200K, reserved 1048576K

Heap Regions: E=young(eden), S=young(survivor), O=old, HS=humongous(starts), HC=humongous(continues), CS=collection set, F=free, OA=open archive, CA=closed archive, TAMS=top-at-mark-start (previous, next)
|   0|0x0000000080000000, 0x0000000080100000, 0x0000000080100000|100%| O|  |TAMS 0x0000000080100000, 0x0000000080000000| Untracked 
|   1|0x0000000080100000, 0x0000000080200000, 0x0000000080200000|100%| O|  |TAMS 0x0000000080200000, 0x0000000080100000| Untracked 
|   2|0x0000000080200000, 0x0000000080300000, 0x0000000080300000|100%|HS|  |TAMS 0x0000000080300000, 0x0000000080200000| Complete 
|   3|0x0000000080300000, 0x0000000080400000, 0x0000000080400000|100%|HC|  |TAMS 0x0000000080400000, 0x0000000080300000| Complete 
|   4|0x0000000080400000, 0x0000000080500000, 0x0000000080500000|100%|HC|  |TAMS 0x0000000080500000, 0x0000000080400000| Complete 
|   5|0x0000000080500000, 0x0000000080600000, 0x0000000080600000|100%|HC|  |TAMS 0x0000000080600000, 0x0000000080500000| Complete 
|   6|0x0000000080600000, 0x0000000080700000, 0x0000000080700000|100%| O|  |TAMS 0x0000000080700000, 0x0000000080600000| Untracked 
|   7|0x0000000080700000, 0x0000000080800000, 0x0000000080800000|100%| O|  |TAMS 0x0000000080800000, 0x0000000080700000| Untracked 
|   8|0x0000000080800000, 0x0000000080900000, 0x0000000080900000|100%| O|  |TAMS 0x0000000080900000, 0x0000000080800000| Untracked 
|   9|0x0000000080900000, 0x0000000080a00000, 0x0000000080a00000|100%| O|  |TAMS 0x0000000080a00000, 0x0000000080900000| Untracked 
|  10|0x0000000080a00000, 0x0000000080b00000, 0x0000000080b00000|100%| O|  |TAMS 0x0000000080b00000, 0x0000000080a00000| Untracked 
|  11|0x0000000080b00000, 0x0000000080c00000, 0x0000000080c00000|100%| O|  |TAMS 0x0000000080c00000, 0x0000000080b00000| Untracked 
|  12|0x0000000080c00000, 0x0000000080d00000, 0x0000000080d00000|100%| O|  |TAMS 0x0000000080d00000, 0x0000000080c00000| Untracked 
|  13|0x0000000080d00000, 0x0000000080e00000, 0x0000000080e00000|100%|HS|  |TAMS 0x0000000080d00000, 0x0000000080d00000| Complete 
|  14|0x0000000080e00000, 0x0000000080f00000, 0x0000000080f00000|100%| O|  |TAMS 0x0000000080f00000, 0x0000000080e00000| Untracked 
|  15|0x0000000080f00000, 0x0000000081000000, 0x0000000081000000|100%| O|  |TAMS 0x0000000081000000, 0x0000000080f00000| Untracked 
|  16|0x0000000081000000, 0x0000000081100000, 0x0000000081100000|100%| O|  |TAMS 0x0000000081100000, 0x0000000081000000| Untracked 
|  17|0x0000000081100000, 0x0000000081200000, 0x0000000081200000|100%| O|  |TAMS 0x0000000081200000, 0x0000000081100000| Untracked 
|  18|0x0000000081200000, 0x0000000081300000, 0x0000000081300000|100%| O|  |TAMS 0x0000000081300000, 0x0000000081200000| Untracked 
|  19|0x0000000081300000, 0x0000000081400000, 0x0000000081400000|100%| O|  |TAMS 0x0000000081400000, 0x0000000081300000| Untracked 
|  20|0x0000000081400000, 0x0000000081500000, 0x0000000081500000|100%|HS|  |TAMS 0x0000000081500000, 0x0000000081400000| Complete 
|  21|0x0000000081500000, 0x0000000081600000, 0x0000000081600000|100%|HC|  |TAMS 0x0000000081600000, 0x0000000081500000| Complete 
|  22|0x0000000081600000, 0x0000000081700000, 0x0000000081700000|100%|HS|  |TAMS 0x0000000081700000, 0x0000000081600000| Complete 
|  23|0x0000000081700000, 0x0000000081800000, 0x0000000081800000|100%|HC|  |TAMS 0x0000000081800000, 0x0000000081700000| Complete 
|  24|0x0000000081800000, 0x0000000081900000, 0x0000000081900000|100%|HC|  |TAMS 0x0000000081900000, 0x0000000081800000| Complete 
|  25|0x0000000081900000, 0x0000000081a00000, 0x0000000081a00000|100%|HS|  |TAMS 0x0000000081a00000, 0x0000000081900000| Complete 
|  26|0x0000000081a00000, 0x0000000081b00000, 0x0000000081b00000|100%|HC|  |TAMS 0x0000000081b00000, 0x0000000081a00000| Complete 
|  27|0x0000000081b00000, 0x0000000081c00000, 0x0000000081c00000|100%|HC|  |TAMS 0x0000000081c00000, 0x0000000081b00000| Complete 
|  28|0x0000000081c00000, 0x0000000081d00000, 0x0000000081d00000|100%| O|  |TAMS 0x0000000081d00000, 0x0000000081c00000| Untracked 
|  29|0x0000000081d00000, 0x0000000081e00000, 0x0000000081e00000|100%| O|  |TAMS 0x0000000081e00000, 0x0000000081d00000| Untracked 
|  30|0x0000000081e00000, 0x0000000081f00000, 0x0000000081f00000|100%|HS|  |TAMS 0x0000000081f00000, 0x0000000081e00000| Complete 
|  31|0x0000000081f00000, 0x0000000082000000, 0x0000000082000000|100%|HC|  |TAMS 0x0000000082000000, 0x0000000081f00000| Complete 
|  32|0x0000000082000000, 0x0000000082100000, 0x0000000082100000|100%|HC|  |TAMS 0x0000000082100000, 0x0000000082000000| Complete 
|  33|0x0000000082100000, 0x0000000082200000, 0x0000000082200000|100%| O|  |TAMS 0x0000000082200000, 0x0000000082100000| Complete 
|  34|0x0000000082200000, 0x0000000082300000, 0x0000000082300000|100%| O|  |TAMS 0x0000000082300000, 0x0000000082200000| Untracked 
|  35|0x0000000082300000, 0x0000000082400000, 0x0000000082400000|100%| O|  |TAMS 0x0000000082400000, 0x0000000082300000| Untracked 
|  36|0x0000000082400000, 0x0000000082500000, 0x0000000082500000|100%| O|  |TAMS 0x0000000082500000, 0x0000000082400000| Untracked 
|  37|0x0000000082500000, 0x0000000082600000, 0x0000000082600000|100%| O|  |TAMS 0x0000000082600000, 0x0000000082500000| Untracked 
|  38|0x0000000082600000, 0x0000000082700000, 0x0000000082700000|100%| O|  |TAMS 0x0000000082700000, 0x0000000082600000| Untracked 
|  39|0x0000000082700000, 0x0000000082800000, 0x0000000082800000|100%| O|  |TAMS 0x0000000082800000, 0x0000000082700000| Untracked 
|  40|0x0000000082800000, 0x0000000082900000, 0x0000000082900000|100%| O|  |TAMS 0x0000000082900000, 0x0000000082800000| Untracked 
|  41|0x0000000082900000, 0x0000000082a00000, 0x0000000082a00000|100%| O|  |TAMS 0x0000000082a00000, 0x0000000082900000| Untracked 
|  42|0x0000000082a00000, 0x0000000082b00000, 0x0000000082b00000|100%| O|  |TAMS 0x0000000082b00000, 0x0000000082a00000| Untracked 
|  43|0x0000000082b00000, 0x0000000082c00000, 0x0000000082c00000|100%| O|  |TAMS 0x0000000082c00000, 0x0000000082b00000| Untracked 
|  44|0x0000000082c00000, 0x0000000082d00000, 0x0000000082d00000|100%| O|  |TAMS 0x0000000082d00000, 0x0000000082c00000| Untracked 
|  45|0x0000000082d00000, 0x0000000082e00000, 0x0000000082e00000|100%| O|  |TAMS 0x0000000082e00000, 0x0000000082d00000| Untracked 
|  46|0x0000000082e00000, 0x0000000082f00000, 0x0000000082f00000|100%| O|  |TAMS 0x0000000082f00000, 0x0000000082e00000| Untracked 
|  47|0x0000000082f00000, 0x0000000083000000, 0x0000000083000000|100%|HS|  |TAMS 0x0000000083000000, 0x0000000082f00000| Complete 
|  48|0x0000000083000000, 0x0000000083100000, 0x0000000083100000|100%|HC|  |TAMS 0x0000000083100000, 0x0000000083000000| Complete 
|  49|0x0000000083100000, 0x0000000083200000, 0x0000000083200000|100%|HC|  |TAMS 0x0000000083200000, 0x0000000083100000| Complete 
|  50|0x0000000083200000, 0x0000000083300000, 0x0000000083300000|100%|HS|  |TAMS 0x0000000083300000, 0x0000000083200000| Complete 
|  51|0x0000000083300000, 0x0000000083400000, 0x0000000083400000|100%|HC|  |TAMS 0x0000000083400000, 0x0000000083300000| Complete 
|  52|0x0000000083400000, 0x0000000083500000, 0x0000000083500000|100%|HC|  |TAMS 0x0000000083500000, 0x0000000083400000| Complete 
|  53|0x0000000083500000, 0x0000000083600000, 0x0000000083600000|100%|HS|  |TAMS 0x0000000083600000, 0x0000000083500000| Complete 
|  54|0x0000000083600000, 0x0000000083700000, 0x0000000083700000|100%|HC|  |TAMS 0x0000000083700000, 0x0000000083600000| Complete 
|  55|0x0000000083700000, 0x0000000083800000, 0x0000000083800000|100%|HC|  |TAMS 0x0000000083800000, 0x0000000083700000| Complete 
|  56|0x0000000083800000, 0x0000000083900000, 0x0000000083900000|100%| O|  |TAMS 0x0000000083900000, 0x0000000083800000| Untracked 
|  57|0x0000000083900000, 0x0000000083a00000, 0x0000000083a00000|100%| O|  |TAMS 0x0000000083a00000, 0x0000000083900000| Untracked 
|  58|0x0000000083a00000, 0x0000000083b00000, 0x0000000083b00000|100%| O|  |TAMS 0x0000000083b00000, 0x0000000083a00000| Untracked 
|  59|0x0000000083b00000, 0x0000000083c00000, 0x0000000083c00000|100%| O|  |TAMS 0x0000000083c00000, 0x0000000083b00000| Untracked 
|  60|0x0000000083c00000, 0x0000000083d00000, 0x0000000083d00000|100%| O|  |TAMS 0x0000000083d00000, 0x0000000083c00000| Untracked 
|  61|0x0000000083d00000, 0x0000000083e00000, 0x0000000083e00000|100%| O|  |TAMS 0x0000000083e00000, 0x0000000083d00000| Untracked 
|  62|0x0000000083e00000, 0x0000000083f00000, 0x0000000083f00000|100%| O|  |TAMS 0x0000000083f00000, 0x0000000083e00000| Untracked 
|  63|0x0000000083f00000, 0x0000000084000000, 0x0000000084000000|100%| O|  |TAMS 0x0000000084000000, 0x0000000083f00000| Untracked 
|  64|0x0000000084000000, 0x0000000084100000, 0x0000000084100000|100%| O|  |TAMS 0x0000000084100000, 0x0000000084000000| Untracked 
|  65|0x0000000084100000, 0x0000000084200000, 0x0000000084200000|100%| O|  |TAMS 0x0000000084200000, 0x0000000084100000| Untracked 
|  66|0x0000000084200000, 0x0000000084300000, 0x0000000084300000|100%| O|  |TAMS 0x0000000084300000, 0x0000000084200000| Untracked 
|  67|0x0000000084300000, 0x000000008436ca00, 0x0000000084400000| 42%| O|  |TAMS 0x000000008436ca00, 0x0000000084300000| Untracked 
|  68|0x0000000084400000, 0x0000000084500000, 0x0000000084500000|100%|HS|  |TAMS 0x0000000084400000, 0x0000000084400000| Complete 
|  69|0x0000000084500000, 0x0000000084600000, 0x0000000084600000|100%|HC|  |TAMS 0x0000000084500000, 0x0000000084500000| Complete 
|  70|0x0000000084600000, 0x0000000084700000, 0x0000000084700000|100%|HC|  |TAMS 0x0000000084600000, 0x0000000084600000| Complete 
|  71|0x0000000084700000, 0x0000000084800000, 0x0000000084800000|100%|HC|  |TAMS 0x0000000084700000, 0x0000000084700000| Complete 
|  72|0x0000000084800000, 0x0000000084900000, 0x0000000084900000|100%|HC|  |TAMS 0x0000000084800000, 0x0000000084800000| Complete 
|  73|0x0000000084900000, 0x0000000084a00000, 0x0000000084a00000|100%|HC|  |TAMS 0x0000000084900000, 0x0000000084900000| Complete 
|  74|0x0000000084a00000, 0x0000000084a00000, 0x0000000084b00000|  0%| F|  |TAMS 0x0000000084a00000, 0x0000000084a00000| Untracked 
|  75|0x0000000084b00000, 0x0000000084b00000, 0x0000000084c00000|  0%| F|  |TAMS 0x0000000084b00000, 0x0000000084b00000| Untracked 
|  76|0x0000000084c00000, 0x0000000084c00000, 0x0000000084d00000|  0%| F|  |TAMS 0x0000000084c00000, 0x0000000084c00000| Untracked 
|  77|0x0000000084d00000, 0x0000000084d00000, 0x0000000084e00000|  0%| F|  |TAMS 0x0000000084d00000, 0x0000000084d00000| Untracked 
|  78|0x0000000084e00000, 0x0000000084e00000, 0x0000000084f00000|  0%| F|  |TAMS 0x0000000084e00000, 0x0000000084e00000| Untracked 
|  79|0x0000000084f00000, 0x0000000084f00000, 0x0000000085000000|  0%| F|  |TAMS 0x0000000084f00000, 0x0000000084f00000| Untracked 
|  80|0x0000000085000000, 0x0000000085000000, 0x0000000085100000|  0%| F|  |TAMS 0x0000000085000000, 0x0000000085000000| Untracked 
|  81|0x0000000085100000, 0x0000000085100000, 0x0000000085200000|  0%| F|  |TAMS 0x0000000085100000, 0x0000000085100000| Untracked 
|  82|0x0000000085200000, 0x0000000085200000, 0x0000000085300000|  0%| F|  |TAMS 0x0000000085200000, 0x0000000085200000| Untracked 
|  83|0x0000000085300000, 0x0000000085300000, 0x0000000085400000|  0%| F|  |TAMS 0x0000000085300000, 0x0000000085300000| Untracked 
|  84|0x0000000085400000, 0x0000000085400000, 0x0000000085500000|  0%| F|  |TAMS 0x0000000085400000, 0x0000000085400000| Untracked 
|  85|0x0000000085500000, 0x0000000085500000, 0x0000000085600000|  0%| F|  |TAMS 0x0000000085500000, 0x0000000085500000| Untracked 
|  86|0x0000000085600000, 0x0000000085600000, 0x0000000085700000|  0%| F|  |TAMS 0x0000000085600000, 0x0000000085600000| Untracked 
|  87|0x0000000085700000, 0x0000000085700000, 0x0000000085800000|  0%| F|  |TAMS 0x0000000085700000, 0x0000000085700000| Untracked 
|  88|0x0000000085800000, 0x0000000085800000, 0x0000000085900000|  0%| F|  |TAMS 0x0000000085800000, 0x0000000085800000| Untracked 
|  89|0x0000000085900000, 0x0000000085900000, 0x0000000085a00000|  0%| F|  |TAMS 0x0000000085900000, 0x0000000085900000| Untracked 
|  90|0x0000000085a00000, 0x0000000085a00000, 0x0000000085b00000|  0%| F|  |TAMS 0x0000000085a00000, 0x0000000085a00000| Untracked 
|  91|0x0000000085b00000, 0x0000000085b00000, 0x0000000085c00000|  0%| F|  |TAMS 0x0000000085b00000, 0x0000000085b00000| Untracked 
|  92|0x0000000085c00000, 0x0000000085c00000, 0x0000000085d00000|  0%| F|  |TAMS 0x0000000085c00000, 0x0000000085c00000| Untracked 
|  93|0x0000000085d00000, 0x0000000085d00000, 0x0000000085e00000|  0%| F|  |TAMS 0x0000000085d00000, 0x0000000085d00000| Untracked 
|  94|0x0000000085e00000, 0x0000000085e00000, 0x0000000085f00000|  0%| F|  |TAMS 0x0000000085e00000, 0x0000000085e00000| Untracked 
|  95|0x0000000085f00000, 0x0000000085f00000, 0x0000000086000000|  0%| F|  |TAMS 0x0000000085f00000, 0x0000000085f00000| Untracked 
|  96|0x0000000086000000, 0x0000000086000000, 0x0000000086100000|  0%| F|  |TAMS 0x0000000086000000, 0x0000000086000000| Untracked 
|  97|0x0000000086100000, 0x0000000086100000, 0x0000000086200000|  0%| F|  |TAMS 0x0000000086100000, 0x0000000086100000| Untracked 
|  98|0x0000000086200000, 0x0000000086200000, 0x0000000086300000|  0%| F|  |TAMS 0x0000000086200000, 0x0000000086200000| Untracked 
|  99|0x0000000086300000, 0x0000000086300000, 0x0000000086400000|  0%| F|  |TAMS 0x0000000086300000, 0x0000000086300000| Untracked 
| 100|0x0000000086400000, 0x0000000086400000, 0x0000000086500000|  0%| F|  |TAMS 0x0000000086400000, 0x0000000086400000| Untracked 
| 101|0x0000000086500000, 0x0000000086500000, 0x0000000086600000|  0%| F|  |TAMS 0x0000000086500000, 0x0000000086500000| Untracked 
| 102|0x0000000086600000, 0x0000000086600000, 0x0000000086700000|  0%| F|  |TAMS 0x0000000086600000, 0x0000000086600000| Untracked 
| 103|0x0000000086700000, 0x0000000086700000, 0x0000000086800000|  0%| F|  |TAMS 0x0000000086700000, 0x0000000086700000| Untracked 
| 104|0x0000000086800000, 0x0000000086800000, 0x0000000086900000|  0%| F|  |TAMS 0x0000000086800000, 0x0000000086800000| Untracked 
| 105|0x0000000086900000, 0x0000000086900000, 0x0000000086a00000|  0%| F|  |TAMS 0x0000000086900000, 0x0000000086900000| Untracked 
| 106|0x0000000086a00000, 0x0000000086a00000, 0x0000000086b00000|  0%| F|  |TAMS 0x0000000086a00000, 0x0000000086a00000| Untracked 
| 107|0x0000000086b00000, 0x0000000086b00000, 0x0000000086c00000|  0%| F|  |TAMS 0x0000000086b00000, 0x0000000086b00000| Untracked 
| 108|0x0000000086c00000, 0x0000000086c00000, 0x0000000086d00000|  0%| F|  |TAMS 0x0000000086c00000, 0x0000000086c00000| Untracked 
| 109|0x0000000086d00000, 0x0000000086d00000, 0x0000000086e00000|  0%| F|  |TAMS 0x0000000086d00000, 0x0000000086d00000| Untracked 
| 110|0x0000000086e00000, 0x0000000086e00000, 0x0000000086f00000|  0%| F|  |TAMS 0x0000000086e00000, 0x0000000086e00000| Untracked 
| 111|0x0000000086f00000, 0x0000000086f00000, 0x0000000087000000|  0%| F|  |TAMS 0x0000000086f00000, 0x0000000086f00000| Untracked 
| 112|0x0000000087000000, 0x0000000087000000, 0x0000000087100000|  0%| F|  |TAMS 0x0000000087000000, 0x0000000087000000| Untracked 
| 113|0x0000000087100000, 0x0000000087100000, 0x0000000087200000|  0%| F|  |TAMS 0x0000000087100000, 0x0000000087100000| Untracked 
| 114|0x0000000087200000, 0x0000000087200000, 0x0000000087300000|  0%| F|  |TAMS 0x0000000087200000, 0x0000000087200000| Untracked 
| 115|0x0000000087300000, 0x0000000087300000, 0x0000000087400000|  0%| F|  |TAMS 0x0000000087300000, 0x0000000087300000| Untracked 
| 116|0x0000000087400000, 0x0000000087400000, 0x0000000087500000|  0%| F|  |TAMS 0x0000000087400000, 0x0000000087400000| Untracked 
| 117|0x0000000087500000, 0x0000000087500000, 0x0000000087600000|  0%| F|  |TAMS 0x0000000087500000, 0x0000000087500000| Untracked 
| 118|0x0000000087600000, 0x0000000087600000, 0x0000000087700000|  0%| F|  |TAMS 0x0000000087600000, 0x0000000087600000| Untracked 
| 119|0x0000000087700000, 0x0000000087780800, 0x0000000087800000| 50%| E|  |TAMS 0x0000000087700000, 0x0000000087700000| Complete 
| 120|0x0000000087800000, 0x0000000087900000, 0x0000000087900000|100%| E|CS|TAMS 0x0000000087800000, 0x0000000087800000| Complete 
| 121|0x0000000087900000, 0x0000000087a00000, 0x0000000087a00000|100%| E|CS|TAMS 0x0000000087900000, 0x0000000087900000| Complete 
| 122|0x0000000087a00000, 0x0000000087b00000, 0x0000000087b00000|100%| E|CS|TAMS 0x0000000087a00000, 0x0000000087a00000| Complete 
| 123|0x0000000087b00000, 0x0000000087c00000, 0x0000000087c00000|100%| E|CS|TAMS 0x0000000087b00000, 0x0000000087b00000| Complete 
| 124|0x0000000087c00000, 0x0000000087d00000, 0x0000000087d00000|100%| E|CS|TAMS 0x0000000087c00000, 0x0000000087c00000| Complete 
| 125|0x0000000087d00000, 0x0000000087e00000, 0x0000000087e00000|100%| E|CS|TAMS 0x0000000087d00000, 0x0000000087d00000| Complete 
| 126|0x0000000087e00000, 0x0000000087f00000, 0x0000000087f00000|100%| E|CS|TAMS 0x0000000087e00000, 0x0000000087e00000| Complete 
| 127|0x0000000087f00000, 0x0000000088000000, 0x0000000088000000|100%| E|CS|TAMS 0x0000000087f00000, 0x0000000087f00000| Complete 
| 128|0x0000000088000000, 0x0000000088100000, 0x0000000088100000|100%| E|CS|TAMS 0x0000000088000000, 0x0000000088000000| Complete 
| 129|0x0000000088100000, 0x0000000088120f50, 0x0000000088200000| 12%| S|CS|TAMS 0x0000000088100000, 0x0000000088100000| Complete 
| 130|0x0000000088200000, 0x0000000088300000, 0x0000000088300000|100%| S|CS|TAMS 0x0000000088200000, 0x0000000088200000| Complete 
| 131|0x0000000088300000, 0x0000000088400000, 0x0000000088400000|100%| S|CS|TAMS 0x0000000088300000, 0x0000000088300000| Complete 
| 132|0x0000000088400000, 0x0000000088500000, 0x0000000088500000|100%| E|CS|TAMS 0x0000000088400000, 0x0000000088400000| Complete 
| 133|0x0000000088500000, 0x0000000088600000, 0x0000000088600000|100%| E|CS|TAMS 0x0000000088500000, 0x0000000088500000| Complete 
| 134|0x0000000088600000, 0x0000000088700000, 0x0000000088700000|100%| E|CS|TAMS 0x0000000088600000, 0x0000000088600000| Complete 
| 135|0x0000000088700000, 0x0000000088800000, 0x0000000088800000|100%| E|CS|TAMS 0x0000000088700000, 0x0000000088700000| Complete 
| 136|0x0000000088800000, 0x0000000088900000, 0x0000000088900000|100%| E|CS|TAMS 0x0000000088800000, 0x0000000088800000| Complete 
| 137|0x0000000088900000, 0x0000000088a00000, 0x0000000088a00000|100%| E|CS|TAMS 0x0000000088900000, 0x0000000088900000| Complete 
| 138|0x0000000088a00000, 0x0000000088b00000, 0x0000000088b00000|100%| E|CS|TAMS 0x0000000088a00000, 0x0000000088a00000| Complete 
| 139|0x0000000088b00000, 0x0000000088c00000, 0x0000000088c00000|100%| E|CS|TAMS 0x0000000088b00000, 0x0000000088b00000| Complete 
| 140|0x0000000088c00000, 0x0000000088d00000, 0x0000000088d00000|100%| E|CS|TAMS 0x0000000088c00000, 0x0000000088c00000| Complete 
| 141|0x0000000088d00000, 0x0000000088e00000, 0x0000000088e00000|100%| E|CS|TAMS 0x0000000088d00000, 0x0000000088d00000| Complete 
| 142|0x0000000088e00000, 0x0000000088f00000, 0x0000000088f00000|100%| E|CS|TAMS 0x0000000088e00000, 0x0000000088e00000| Complete 
| 143|0x0000000088f00000, 0x0000000089000000, 0x0000000089000000|100%| E|CS|TAMS 0x0000000088f00000, 0x0000000088f00000| Complete 
| 144|0x0000000089000000, 0x0000000089100000, 0x0000000089100000|100%| E|CS|TAMS 0x0000000089000000, 0x0000000089000000| Complete 
| 145|0x0000000089100000, 0x0000000089200000, 0x0000000089200000|100%| E|CS|TAMS 0x0000000089100000, 0x0000000089100000| Complete 
| 146|0x0000000089200000, 0x0000000089300000, 0x0000000089300000|100%| E|CS|TAMS 0x0000000089200000, 0x0000000089200000| Complete 
| 147|0x0000000089300000, 0x0000000089400000, 0x0000000089400000|100%| E|CS|TAMS 0x0000000089300000, 0x0000000089300000| Complete 
| 148|0x0000000089400000, 0x0000000089500000, 0x0000000089500000|100%| E|CS|TAMS 0x0000000089400000, 0x0000000089400000| Complete 
| 149|0x0000000089500000, 0x0000000089600000, 0x0000000089600000|100%| E|CS|TAMS 0x0000000089500000, 0x0000000089500000| Complete 
| 150|0x0000000089600000, 0x0000000089700000, 0x0000000089700000|100%| E|CS|TAMS 0x0000000089600000, 0x0000000089600000| Complete 
| 151|0x0000000089700000, 0x0000000089800000, 0x0000000089800000|100%| E|CS|TAMS 0x0000000089700000, 0x0000000089700000| Complete 
| 152|0x0000000089800000, 0x0000000089900000, 0x0000000089900000|100%| E|CS|TAMS 0x0000000089800000, 0x0000000089800000| Complete 
| 202|0x000000008ca00000, 0x000000008cb00000, 0x000000008cb00000|100%| E|CS|TAMS 0x000000008ca00000, 0x000000008ca00000| Complete 
| 203|0x000000008cb00000, 0x000000008cc00000, 0x000000008cc00000|100%| E|CS|TAMS 0x000000008cb00000, 0x000000008cb00000| Complete 
| 204|0x000000008cc00000, 0x000000008cd00000, 0x000000008cd00000|100%| E|CS|TAMS 0x000000008cc00000, 0x000000008cc00000| Complete 
| 205|0x000000008cd00000, 0x000000008ce00000, 0x000000008ce00000|100%| E|CS|TAMS 0x000000008cd00000, 0x000000008cd00000| Complete 
| 206|0x000000008ce00000, 0x000000008cf00000, 0x000000008cf00000|100%| E|CS|TAMS 0x000000008ce00000, 0x000000008ce00000| Complete 
| 207|0x000000008cf00000, 0x000000008d000000, 0x000000008d000000|100%| E|CS|TAMS 0x000000008cf00000, 0x000000008cf00000| Complete 
| 208|0x000000008d000000, 0x000000008d100000, 0x000000008d100000|100%| E|CS|TAMS 0x000000008d000000, 0x000000008d000000| Complete 
| 209|0x000000008d100000, 0x000000008d200000, 0x000000008d200000|100%| E|CS|TAMS 0x000000008d100000, 0x000000008d100000| Complete 
| 255|0x000000008ff00000, 0x0000000090000000, 0x0000000090000000|100%| E|CS|TAMS 0x000000008ff00000, 0x000000008ff00000| Complete 

Card table byte_map: [0x000002577c160000,0x000002577c560000] _byte_map_base: 0x000002577bd60000

Marking Bits (Prev, Next): (CMBitMap*) 0x00000257788daa30, (CMBitMap*) 0x00000257788daa70
 Prev Bits: [0x000002577c960000, 0x000002577e960000)
 Next Bits: [0x000002570f000000, 0x0000025711000000)

Polling page: 0x00000257767e0000

Metaspace:

Usage:
  Non-class:     64.57 MB used.
      Class:     10.64 MB used.
       Both:     75.21 MB used.

Virtual space:
  Non-class space:      128.00 MB reserved,      64.94 MB ( 51%) committed,  2 nodes.
      Class space:        1.00 GB reserved,      10.94 MB (  1%) committed,  1 nodes.
             Both:        1.12 GB reserved,      75.88 MB (  7%) committed. 

Chunk freelists:
   Non-Class:  14.70 MB
       Class:  5.08 MB
        Both:  19.78 MB

MaxMetaspaceSize: unlimited
CompressedClassSpaceSize: 1.00 GB
Initial GC threshold: 21.00 MB
Current GC threshold: 126.06 MB
CDS: off
MetaspaceReclaimPolicy: balanced
 - commit_granule_bytes: 65536.
 - commit_granule_words: 8192.
 - virtual_space_node_default_size: 8388608.
 - enlarge_chunks_in_place: 1.
 - new_chunks_are_fully_committed: 0.
 - uncommit_free_chunks: 1.
 - use_allocation_guard: 0.
 - handle_deallocations: 1.


Internal statistics:

num_allocs_failed_limit: 3.
num_arena_births: 784.
num_arena_deaths: 4.
num_vsnodes_births: 3.
num_vsnodes_deaths: 0.
num_space_committed: 1212.
num_space_uncommitted: 0.
num_chunks_returned_to_freelist: 9.
num_chunks_taken_from_freelist: 3453.
num_chunk_merges: 0.
num_chunk_splits: 2388.
num_chunks_enlarged: 1733.
num_inconsistent_stats: 0.

CodeHeap 'non-profiled nmethods': size=120000Kb used=3368Kb max_used=3368Kb free=116631Kb
 bounds [0x0000025707ad0000, 0x0000025707e20000, 0x000002570f000000]
CodeHeap 'profiled nmethods': size=120000Kb used=10442Kb max_used=10442Kb free=109557Kb
 bounds [0x0000025700000000, 0x0000025700a40000, 0x0000025707530000]
CodeHeap 'non-nmethods': size=5760Kb used=2354Kb max_used=2420Kb free=3406Kb
 bounds [0x0000025707530000, 0x00000257077a0000, 0x0000025707ad0000]
 total_blobs=6165 nmethods=5280 adapters=796
 compilation: enabled
              stopped_count=0, restarted_count=0
 full_count=0

Compilation events (20 events):
Event: 27.132 Thread 0x0000025718b21ca0 5991       4       org.jetbrains.org.objectweb.asm.ClassReader::readUTF8 (23 bytes)
Event: 27.134 Thread 0x0000025718b21ca0 nmethod 5991 0x0000025707e19890 code [0x0000025707e19a20, 0x0000025707e19b68]
Event: 27.153 Thread 0x000002577f03c840 5992   !   3       kotlin.SynchronizedLazyImpl::getValue (92 bytes)
Event: 27.154 Thread 0x000002577f03c840 nmethod 5992 0x0000025700a26690 code [0x0000025700a268c0, 0x0000025700a27158]
Event: 27.154 Thread 0x000002577f03c840 5993   !   3       sun.nio.ch.ChannelInputStream::read (95 bytes)
Event: 27.155 Thread 0x000002577f03c840 nmethod 5993 0x0000025700a27590 code [0x0000025700a277c0, 0x0000025700a280e8]
Event: 27.179 Thread 0x000002577f03c840 5994       3       org.jetbrains.kotlin.cli.jvm.modules.CoreJrtVirtualFile::getChildren (5 bytes)
Event: 27.179 Thread 0x000002577f03c840 nmethod 5994 0x0000025700a28490 code [0x0000025700a28640, 0x0000025700a28948]
Event: 27.186 Thread 0x000002577f03c840 5995       3       java.util.zip.Inflater::<init> (6 bytes)
Event: 27.186 Thread 0x000002577f03c840 nmethod 5995 0x0000025700a28a90 code [0x0000025700a28c20, 0x0000025700a28d68]
Event: 27.186 Thread 0x000002577f03c840 5996       3       java.io.ByteArrayOutputStream::close (1 bytes)
Event: 27.186 Thread 0x000002577f03c840 nmethod 5996 0x0000025700a28e10 code [0x0000025700a28fa0, 0x0000025700a290b8]
Event: 27.196 Thread 0x000002577f03c840 5997       1       jdk.internal.jimage.ImageReader$Node::isCompleted (5 bytes)
Event: 27.196 Thread 0x000002577f03c840 nmethod 5997 0x0000025707e19d10 code [0x0000025707e19ea0, 0x0000025707e19f78]
Event: 27.196 Thread 0x000002577f03c840 5998       1       jdk.internal.jimage.ImageReader$Directory::isDirectory (2 bytes)
Event: 27.196 Thread 0x000002577f03c840 nmethod 5998 0x0000025707e1a010 code [0x0000025707e1a1a0, 0x0000025707e1a278]
Event: 27.196 Thread 0x000002577f03c840 5999       3       jdk.internal.jrtfs.JrtPath::getFileSystem (5 bytes)
Event: 27.197 Thread 0x000002577f03c840 nmethod 5999 0x0000025700a29190 code [0x0000025700a29320, 0x0000025700a29438]
Event: 27.197 Thread 0x000002577f03c840 6000       3       jdk.internal.jrtfs.JrtFileSystemProvider::toJrtPath (27 bytes)
Event: 27.197 Thread 0x000002577f03c840 nmethod 6000 0x0000025700a29510 code [0x0000025700a296e0, 0x0000025700a29c18]

GC Heap History (20 events):
Event: 16.589 GC heap before
{Heap before GC invocations=20 (full 0):
 garbage-first heap   total 92160K, used 78507K [0x0000000080000000, 0x0000000100000000)
  region size 1024K, 23 young (23552K), 2 survivors (2048K)
 Metaspace       used 50055K, committed 50560K, reserved 1114112K
  class space    used 6769K, committed 6976K, reserved 1048576K
}
Event: 16.599 GC heap after
{Heap after GC invocations=21 (full 0):
 garbage-first heap   total 92160K, used 62356K [0x0000000080000000, 0x0000000100000000)
  region size 1024K, 3 young (3072K), 3 survivors (3072K)
 Metaspace       used 50055K, committed 50560K, reserved 1114112K
  class space    used 6769K, committed 6976K, reserved 1048576K
}
Event: 16.649 GC heap before
{Heap before GC invocations=21 (full 0):
 garbage-first heap   total 92160K, used 62356K [0x0000000080000000, 0x0000000100000000)
  region size 1024K, 4 young (4096K), 3 survivors (3072K)
 Metaspace       used 50135K, committed 50624K, reserved 1114112K
  class space    used 6774K, committed 6976K, reserved 1048576K
}
Event: 16.655 GC heap after
{Heap after GC invocations=22 (full 0):
 garbage-first heap   total 92160K, used 63218K [0x0000000080000000, 0x0000000100000000)
  region size 1024K, 1 young (1024K), 1 survivors (1024K)
 Metaspace       used 50135K, committed 50624K, reserved 1114112K
  class space    used 6774K, committed 6976K, reserved 1048576K
}
Event: 16.763 GC heap before
{Heap before GC invocations=22 (full 0):
 garbage-first heap   total 92160K, used 65266K [0x0000000080000000, 0x0000000100000000)
  region size 1024K, 5 young (5120K), 1 survivors (1024K)
 Metaspace       used 50417K, committed 50944K, reserved 1114112K
  class space    used 6793K, committed 7040K, reserved 1048576K
}
Event: 16.764 GC heap after
{Heap after GC invocations=23 (full 0):
 garbage-first heap   total 92160K, used 63925K [0x0000000080000000, 0x0000000100000000)
  region size 1024K, 2 young (2048K), 2 survivors (2048K)
 Metaspace       used 50417K, committed 50944K, reserved 1114112K
  class space    used 6793K, committed 7040K, reserved 1048576K
}
Event: 17.333 GC heap before
{Heap before GC invocations=24 (full 0):
 garbage-first heap   total 116736K, used 76213K [0x0000000080000000, 0x0000000100000000)
  region size 1024K, 12 young (12288K), 2 survivors (2048K)
 Metaspace       used 52091K, committed 52608K, reserved 1114112K
  class space    used 6932K, committed 7168K, reserved 1048576K
}
Event: 17.339 GC heap after
{Heap after GC invocations=25 (full 0):
 garbage-first heap   total 116736K, used 63937K [0x0000000080000000, 0x0000000100000000)
  region size 1024K, 1 young (1024K), 1 survivors (1024K)
 Metaspace       used 52091K, committed 52608K, reserved 1114112K
  class space    used 6932K, committed 7168K, reserved 1048576K
}
Event: 17.635 GC heap before
{Heap before GC invocations=25 (full 0):
 garbage-first heap   total 116736K, used 67009K [0x0000000080000000, 0x0000000100000000)
  region size 1024K, 5 young (5120K), 1 survivors (1024K)
 Metaspace       used 52535K, committed 53056K, reserved 1114112K
  class space    used 7006K, committed 7232K, reserved 1048576K
}
Event: 17.643 GC heap after
{Heap after GC invocations=26 (full 0):
 garbage-first heap   total 116736K, used 63724K [0x0000000080000000, 0x0000000100000000)
  region size 1024K, 1 young (1024K), 1 survivors (1024K)
 Metaspace       used 52535K, committed 53056K, reserved 1114112K
  class space    used 7006K, committed 7232K, reserved 1048576K
}
Event: 18.947 GC heap before
{Heap before GC invocations=26 (full 0):
 garbage-first heap   total 116736K, used 93420K [0x0000000080000000, 0x0000000100000000)
  region size 1024K, 30 young (30720K), 1 survivors (1024K)
 Metaspace       used 54488K, committed 55104K, reserved 1114112K
  class space    used 7340K, committed 7616K, reserved 1048576K
}
Event: 18.954 GC heap after
{Heap after GC invocations=27 (full 0):
 garbage-first heap   total 165888K, used 65117K [0x0000000080000000, 0x0000000100000000)
  region size 1024K, 2 young (2048K), 2 survivors (2048K)
 Metaspace       used 54488K, committed 55104K, reserved 1114112K
  class space    used 7340K, committed 7616K, reserved 1048576K
}
Event: 22.203 GC heap before
{Heap before GC invocations=28 (full 0):
 garbage-first heap   total 165888K, used 130653K [0x0000000080000000, 0x0000000100000000)
  region size 1024K, 66 young (67584K), 2 survivors (2048K)
 Metaspace       used 63432K, committed 64064K, reserved 1114112K
  class space    used 9131K, committed 9408K, reserved 1048576K
}
Event: 22.216 GC heap after
{Heap after GC invocations=29 (full 0):
 garbage-first heap   total 165888K, used 68471K [0x0000000080000000, 0x0000000100000000)
  region size 1024K, 5 young (5120K), 5 survivors (5120K)
 Metaspace       used 63432K, committed 64064K, reserved 1114112K
  class space    used 9131K, committed 9408K, reserved 1048576K
}
Event: 22.341 GC heap before
{Heap before GC invocations=29 (full 0):
 garbage-first heap   total 165888K, used 71543K [0x0000000080000000, 0x0000000100000000)
  region size 1024K, 8 young (8192K), 5 survivors (5120K)
 Metaspace       used 63731K, committed 64384K, reserved 1114112K
  class space    used 9181K, committed 9472K, reserved 1048576K
}
Event: 22.351 GC heap after
{Heap after GC invocations=30 (full 0):
 garbage-first heap   total 165888K, used 68781K [0x0000000080000000, 0x0000000100000000)
  region size 1024K, 1 young (1024K), 1 survivors (1024K)
 Metaspace       used 63731K, committed 64384K, reserved 1114112K
  class space    used 9181K, committed 9472K, reserved 1048576K
}
Event: 24.480 GC heap before
{Heap before GC invocations=30 (full 0):
 garbage-first heap   total 165888K, used 131245K [0x0000000080000000, 0x0000000100000000)
  region size 1024K, 62 young (63488K), 1 survivors (1024K)
 Metaspace       used 71955K, committed 72640K, reserved 1114112K
  class space    used 10243K, committed 10560K, reserved 1048576K
}
Event: 24.485 GC heap after
{Heap after GC invocations=31 (full 0):
 garbage-first heap   total 165888K, used 69546K [0x0000000080000000, 0x0000000100000000)
  region size 1024K, 2 young (2048K), 2 survivors (2048K)
 Metaspace       used 71955K, committed 72640K, reserved 1114112K
  class space    used 10243K, committed 10560K, reserved 1048576K
}
Event: 25.673 GC heap before
{Heap before GC invocations=31 (full 0):
 garbage-first heap   total 165888K, used 99242K [0x0000000080000000, 0x0000000100000000)
  region size 1024K, 32 young (32768K), 2 survivors (2048K)
 Metaspace       used 76489K, committed 77184K, reserved 1179648K
  class space    used 10848K, committed 11136K, reserved 1048576K
}
Event: 25.679 GC heap after
{Heap after GC invocations=32 (full 0):
 garbage-first heap   total 165888K, used 70198K [0x0000000080000000, 0x0000000100000000)
  region size 1024K, 3 young (3072K), 3 survivors (3072K)
 Metaspace       used 76489K, committed 77184K, reserved 1179648K
  class space    used 10848K, committed 11136K, reserved 1048576K
}

Dll operation events (3 events):
Event: 0.015 Loaded shared library C:\Program Files\Android\Android Studio\jbr\bin\java.dll
Event: 0.272 Loaded shared library C:\Program Files\Android\Android Studio\jbr\bin\zip.dll
Event: 0.751 Loaded shared library C:\Program Files\Android\Android Studio\jbr\bin\verify.dll

Deoptimization events (20 events):
Event: 26.669 Thread 0x0000025717935de0 Uncommon trap: trap_request=0xffffff45 fr.pc=0x0000025707d89d78 relative=0x00000000000002d8
Event: 26.669 Thread 0x0000025717935de0 Uncommon trap: reason=unstable_if action=reinterpret pc=0x0000025707d89d78 method=org.jetbrains.kotlin.com.intellij.util.SmartList.add(Ljava/lang/Object;)Z @ 6 c2
Event: 26.669 Thread 0x0000025717935de0 DEOPT PACKING pc=0x0000025707d89d78 sp=0x000000a6906f5280
Event: 26.669 Thread 0x0000025717935de0 DEOPT UNPACKING pc=0x00000257075869a3 sp=0x000000a6906f5240 mode 2
Event: 26.671 Thread 0x0000025717935de0 Uncommon trap: trap_request=0xffffff45 fr.pc=0x0000025707dfcc88 relative=0x0000000000002288
Event: 26.671 Thread 0x0000025717935de0 Uncommon trap: reason=unstable_if action=reinterpret pc=0x0000025707dfcc88 method=org.jetbrains.kotlin.com.intellij.openapi.vfs.impl.jar.CoreJarHandler.getOrCreateFile(Lorg/jetbrains/kotlin/com/intellij/openapi/vfs/impl/ArchiveHandler$EntryInfo;Ljava/util
Event: 26.671 Thread 0x0000025717935de0 DEOPT PACKING pc=0x0000025707dfcc88 sp=0x000000a6906f5370
Event: 26.671 Thread 0x0000025717935de0 DEOPT UNPACKING pc=0x00000257075869a3 sp=0x000000a6906f5370 mode 2
Event: 26.671 Thread 0x0000025717935de0 Uncommon trap: trap_request=0xffffff45 fr.pc=0x0000025707dff15c relative=0x00000000000010fc
Event: 26.671 Thread 0x0000025717935de0 Uncommon trap: reason=unstable_if action=reinterpret pc=0x0000025707dff15c method=org.jetbrains.kotlin.com.intellij.util.containers.FactoryMap.getMap()Ljava/util/Map; @ 6 c2
Event: 26.671 Thread 0x0000025717935de0 DEOPT PACKING pc=0x0000025707dff15c sp=0x000000a6906f53c0
Event: 26.671 Thread 0x0000025717935de0 DEOPT UNPACKING pc=0x00000257075869a3 sp=0x000000a6906f5340 mode 2
Event: 26.696 Thread 0x0000025717935de0 Uncommon trap: trap_request=0xffffffdc fr.pc=0x0000025707e02140 relative=0x00000000000002a0
Event: 26.696 Thread 0x0000025717935de0 Uncommon trap: reason=class_check action=make_not_entrant pc=0x0000025707e02140 method=java.util.ArrayList.toArray([Ljava/lang/Object;)[Ljava/lang/Object; @ 21 c2
Event: 26.696 Thread 0x0000025717935de0 DEOPT PACKING pc=0x0000025707e02140 sp=0x000000a6906f53e0
Event: 26.696 Thread 0x0000025717935de0 DEOPT UNPACKING pc=0x00000257075869a3 sp=0x000000a6906f53b0 mode 2
Event: 26.697 Thread 0x0000025717935de0 Uncommon trap: trap_request=0xffffff45 fr.pc=0x0000025707d91f64 relative=0x0000000000003004
Event: 26.697 Thread 0x0000025717935de0 Uncommon trap: reason=unstable_if action=reinterpret pc=0x0000025707d91f64 method=org.jetbrains.kotlin.com.intellij.openapi.vfs.impl.ArchiveHandler.directoryEntry(Ljava/util/Map;Lorg/jetbrains/kotlin/com/intellij/openapi/diagnostic/Logger;Ljava/lang/Strin
Event: 26.697 Thread 0x0000025717935de0 DEOPT PACKING pc=0x0000025707d91f64 sp=0x000000a6906f50d0
Event: 26.697 Thread 0x0000025717935de0 DEOPT UNPACKING pc=0x00000257075869a3 sp=0x000000a6906f5078 mode 2

Classes unloaded (2 events):
Event: 16.868 Thread 0x000002577ee8e2d0 Unloading class 0x00000001006bcc00 'java/lang/invoke/LambdaForm$DMH+0x00000001006bcc00'
Event: 16.868 Thread 0x000002577ee8e2d0 Unloading class 0x00000001006bc400 'java/lang/invoke/LambdaForm$DMH+0x00000001006bc400'

Classes redefined (0 events):
No events

Internal exceptions (20 events):
Event: 21.221 Thread 0x0000025717935de0 Exception <a 'java/lang/NoSuchMethodError'{0x0000000087771270}: 'java.lang.Object java.lang.invoke.DirectMethodHandle$Holder.invokeStaticInit(java.lang.Object, int)'> (0x0000000087771270) 
thrown [s\src\hotspot\share\interpreter\linkResolver.cpp, line 771]
Event: 21.534 Thread 0x0000025717935de0 Implicit null exception at 0x0000025707c36b93 to 0x0000025707c36cec
Event: 22.611 Thread 0x0000025717935de0 Implicit null exception at 0x0000025707b0f3f2 to 0x0000025707b0fa0c
Event: 22.955 Thread 0x0000025717935de0 Implicit null exception at 0x0000025707b145f2 to 0x0000025707b14c0c
Event: 23.325 Thread 0x0000025717935de0 Exception <a 'sun/nio/fs/WindowsException'{0x00000000884cd188}> (0x00000000884cd188) 
thrown [s\src\hotspot\share\prims\jni.cpp, line 517]
Event: 23.325 Thread 0x0000025717935de0 Exception <a 'sun/nio/fs/WindowsException'{0x00000000884cef40}> (0x00000000884cef40) 
thrown [s\src\hotspot\share\prims\jni.cpp, line 517]
Event: 23.708 Thread 0x0000025717935de0 Exception <a 'java/lang/NoSuchMethodError'{0x000000008795ee60}: 'long java.lang.invoke.DirectMethodHandle$Holder.invokeStatic(java.lang.Object)'> (0x000000008795ee60) 
thrown [s\src\hotspot\share\interpreter\linkResolver.cpp, line 771]
Event: 23.709 Thread 0x0000025717935de0 Exception <a 'java/lang/NoSuchMethodError'{0x0000000087963cf0}: 'long java.lang.invoke.DirectMethodHandle$Holder.invokeStaticInit(java.lang.Object)'> (0x0000000087963cf0) 
thrown [s\src\hotspot\share\interpreter\linkResolver.cpp, line 771]
Event: 23.871 Thread 0x0000025717935de0 Exception <a 'java/lang/NoSuchMethodError'{0x00000000874afd10}: 'long java.lang.invoke.Invokers$Holder.invoke_MT(java.lang.Object, java.lang.Object, java.lang.Object, java.lang.Object)'> (0x00000000874afd10) 
thrown [s\src\hotspot\share\interpreter\linkResolver.cpp, line 771]
Event: 23.873 Thread 0x0000025717935de0 Exception <a 'java/lang/NoSuchMethodError'{0x00000000874b9360}: 'int java.lang.invoke.Invokers$Holder.invoke_MT(java.lang.Object, java.lang.Object, java.lang.Object, java.lang.Object)'> (0x00000000874b9360) 
thrown [s\src\hotspot\share\interpreter\linkResolver.cpp, line 771]
Event: 23.875 Thread 0x0000025717935de0 Exception <a 'java/lang/NoSuchMethodError'{0x00000000874c9ec0}: 'void java.lang.invoke.DelegatingMethodHandle$Holder.reinvoke_L(java.lang.Object, java.lang.Object, java.lang.Object, long, java.lang.Object)'> (0x00000000874c9ec0) 
thrown [s\src\hotspot\share\interpreter\linkResolver.cpp, line 771]
Event: 23.876 Thread 0x0000025717935de0 Exception <a 'java/lang/NoSuchMethodError'{0x00000000874d2a98}: 'java.lang.Object java.lang.invoke.DirectMethodHandle$Holder.invokeSpecial(java.lang.Object, java.lang.Object, java.lang.Object, java.lang.Object, long)'> (0x00000000874d2a98) 
thrown [s\src\hotspot\share\interpreter\linkResolver.cpp, line 771]
Event: 23.878 Thread 0x0000025717935de0 Exception <a 'java/lang/NoSuchMethodError'{0x00000000874e3510}: 'int java.lang.invoke.DelegatingMethodHandle$Holder.reinvoke_L(java.lang.Object, java.lang.Object, java.lang.Object, long, java.lang.Object, java.lang.Object)'> (0x00000000874e3510) 
thrown [s\src\hotspot\share\interpreter\linkResolver.cpp, line 771]
Event: 23.880 Thread 0x0000025717935de0 Exception <a 'java/lang/NoSuchMethodError'{0x00000000874f3888}: 'int java.lang.invoke.DelegatingMethodHandle$Holder.reinvoke_L(java.lang.Object, java.lang.Object, java.lang.Object, long, int, int)'> (0x00000000874f3888) 
thrown [s\src\hotspot\share\interpreter\linkResolver.cpp, line 771]
Event: 23.882 Thread 0x0000025717935de0 Exception <a 'java/lang/NoSuchMethodError'{0x0000000087303e30}: 'int java.lang.invoke.DelegatingMethodHandle$Holder.reinvoke_L(java.lang.Object, java.lang.Object, java.lang.Object, long, long, long)'> (0x0000000087303e30) 
thrown [s\src\hotspot\share\interpreter\linkResolver.cpp, line 771]
Event: 23.884 Thread 0x0000025717935de0 Exception <a 'java/lang/NoSuchMethodError'{0x0000000087313c30}: 'int java.lang.invoke.DelegatingMethodHandle$Holder.reinvoke_L(java.lang.Object, java.lang.Object, java.lang.Object, long, int)'> (0x0000000087313c30) 
thrown [s\src\hotspot\share\interpreter\linkResolver.cpp, line 771]
Event: 25.527 Thread 0x0000025717935de0 Exception <a 'java/lang/NoSuchMethodError'{0x0000000088889a38}: 'java.lang.Object java.lang.invoke.Invokers$Holder.invokeExact_MT(java.lang.Object, java.lang.Object, long, java.lang.Object)'> (0x0000000088889a38) 
thrown [s\src\hotspot\share\interpreter\linkResolver.cpp, line 771]
Event: 25.614 Thread 0x0000025717935de0 Exception <a 'java/lang/NoSuchMethodError'{0x00000000886fa480}: 'java.lang.Object java.lang.invoke.Invokers$Holder.invoke_MT(java.lang.Object, java.lang.Object, java.lang.Object)'> (0x00000000886fa480) 
thrown [s\src\hotspot\share\interpreter\linkResolver.cpp, line 771]
Event: 26.671 Thread 0x0000025717935de0 Implicit null exception at 0x0000025707dfab89 to 0x0000025707dfcc58
Event: 26.671 Thread 0x0000025717935de0 Implicit null exception at 0x0000025707dfe096 to 0x0000025707dff140

VM Operations (20 events):
Event: 22.203 Executing VM operation: G1CollectForAllocation
Event: 22.216 Executing VM operation: G1CollectForAllocation done
Event: 22.341 Executing VM operation: G1CollectForAllocation
Event: 22.351 Executing VM operation: G1CollectForAllocation done
Event: 23.315 Executing VM operation: HandshakeAllThreads
Event: 23.315 Executing VM operation: HandshakeAllThreads done
Event: 24.330 Executing VM operation: Cleanup
Event: 24.330 Executing VM operation: Cleanup done
Event: 24.480 Executing VM operation: G1CollectForAllocation
Event: 24.485 Executing VM operation: G1CollectForAllocation done
Event: 25.282 Executing VM operation: HandshakeAllThreads
Event: 25.282 Executing VM operation: HandshakeAllThreads done
Event: 25.673 Executing VM operation: G1TryInitiateConcMark
Event: 25.679 Executing VM operation: G1TryInitiateConcMark done
Event: 25.858 Executing VM operation: G1PauseRemark
Event: 25.863 Executing VM operation: G1PauseRemark done
Event: 25.928 Executing VM operation: G1PauseCleanup
Event: 25.928 Executing VM operation: G1PauseCleanup done
Event: 26.941 Executing VM operation: Cleanup
Event: 26.952 Executing VM operation: Cleanup done

Events (20 events):
Event: 25.600 loading class java/io/IOError done
Event: 25.613 loading class java/nio/channels/FileChannel$MapMode
Event: 25.613 loading class java/nio/channels/FileChannel$MapMode done
Event: 25.613 loading class jdk/internal/misc/ExtendedMapMode
Event: 25.613 loading class jdk/internal/misc/ExtendedMapMode done
Event: 25.615 loading class sun/nio/ch/FileChannelImpl$DefaultUnmapper
Event: 25.615 loading class sun/nio/ch/FileChannelImpl$Unmapper
Event: 25.615 loading class jdk/internal/access/foreign/UnmapperProxy
Event: 25.615 loading class jdk/internal/access/foreign/UnmapperProxy done
Event: 25.615 loading class sun/nio/ch/FileChannelImpl$Unmapper done
Event: 25.615 loading class sun/nio/ch/FileChannelImpl$DefaultUnmapper done
Event: 25.616 loading class sun/nio/ch/Util$4
Event: 25.616 loading class sun/nio/ch/Util$4 done
Event: 25.616 loading class jdk/internal/access/foreign/MemorySegmentProxy
Event: 25.616 loading class jdk/internal/access/foreign/MemorySegmentProxy done
Event: 25.619 loading class java/io/UTFDataFormatException
Event: 25.619 loading class java/io/UTFDataFormatException done
Event: 25.793 Thread 0x0000025718b21ca0 Thread added: 0x0000025718b21ca0
Event: 26.887 loading class java/nio/channels/NonWritableChannelException
Event: 26.887 loading class java/nio/channels/NonWritableChannelException done


Dynamic libraries:
0x00007ff71ac60000 - 0x00007ff71ac6a000 	C:\Program Files\Android\Android Studio\jbr\bin\java.exe
0x00007ffdc1730000 - 0x00007ffdc1928000 	C:\Windows\SYSTEM32\ntdll.dll
0x00007ffdc0bd0000 - 0x00007ffdc0c8d000 	C:\Windows\System32\KERNEL32.DLL
0x00007ffdbf390000 - 0x00007ffdbf686000 	C:\Windows\System32\KERNELBASE.dll
0x00007ffdbf000000 - 0x00007ffdbf100000 	C:\Windows\System32\ucrtbase.dll
0x00007ffdaae90000 - 0x00007ffdaaea7000 	C:\Program Files\Android\Android Studio\jbr\bin\jli.dll
0x00007ffdbfb90000 - 0x00007ffdbfd2f000 	C:\Windows\System32\USER32.dll
0x00007ffdb7460000 - 0x00007ffdb747b000 	C:\Program Files\Android\Android Studio\jbr\bin\VCRUNTIME140.dll
0x00007ffda7850000 - 0x00007ffda7aea000 	C:\Windows\WinSxS\amd64_microsoft.windows.common-controls_6595b64144ccf1df_6.0.19041.4355_none_60b8b9eb71f62e16\COMCTL32.dll
0x00007ffdbf770000 - 0x00007ffdbf80e000 	C:\Windows\System32\msvcrt.dll
0x00007ffdbfe00000 - 0x00007ffdbfe2b000 	C:\Windows\System32\GDI32.dll
0x00007ffdbf100000 - 0x00007ffdbf122000 	C:\Windows\System32\win32u.dll
0x00007ffdbeee0000 - 0x00007ffdbeff7000 	C:\Windows\System32\gdi32full.dll
0x00007ffdbf6c0000 - 0x00007ffdbf75d000 	C:\Windows\System32\msvcp_win.dll
0x00007ffdc0080000 - 0x00007ffdc00b2000 	C:\Windows\System32\IMM32.DLL
0x00007ffdbc0b0000 - 0x00007ffdbc0bc000 	C:\Program Files\Android\Android Studio\jbr\bin\vcruntime140_1.dll
0x00007ffd81f50000 - 0x00007ffd81fdd000 	C:\Program Files\Android\Android Studio\jbr\bin\msvcp140.dll
0x00007ffd15e40000 - 0x00007ffd16ac3000 	C:\Program Files\Android\Android Studio\jbr\bin\server\jvm.dll
0x00007ffdbf950000 - 0x00007ffdbfa00000 	C:\Windows\System32\ADVAPI32.dll
0x00007ffdc0b30000 - 0x00007ffdc0bd0000 	C:\Windows\System32\sechost.dll
0x00007ffdbfe30000 - 0x00007ffdbff53000 	C:\Windows\System32\RPCRT4.dll
0x00007ffdbf690000 - 0x00007ffdbf6b7000 	C:\Windows\System32\bcrypt.dll
0x00007ffdbeb80000 - 0x00007ffdbebcb000 	C:\Windows\SYSTEM32\POWRPROF.dll
0x00007ffdab130000 - 0x00007ffdab139000 	C:\Windows\SYSTEM32\WSOCK32.dll
0x00007ffdc1540000 - 0x00007ffdc15ab000 	C:\Windows\System32\WS2_32.dll
0x00007ffda9200000 - 0x00007ffda9227000 	C:\Windows\SYSTEM32\WINMM.dll
0x00007ffdb4a50000 - 0x00007ffdb4a5a000 	C:\Windows\SYSTEM32\VERSION.dll
0x00007ffdbeb60000 - 0x00007ffdbeb72000 	C:\Windows\SYSTEM32\UMPDC.dll
0x00007ffdbd5b0000 - 0x00007ffdbd5c2000 	C:\Windows\SYSTEM32\kernel.appcore.dll
0x00007ffdb7980000 - 0x00007ffdb798a000 	C:\Program Files\Android\Android Studio\jbr\bin\jimage.dll
0x00007ffdbcb10000 - 0x00007ffdbccf4000 	C:\Windows\SYSTEM32\DBGHELP.DLL
0x00007ffda61b0000 - 0x00007ffda61e4000 	C:\Windows\SYSTEM32\dbgcore.DLL
0x00007ffdbf1a0000 - 0x00007ffdbf222000 	C:\Windows\System32\bcryptPrimitives.dll
0x00007ffdab160000 - 0x00007ffdab16e000 	C:\Program Files\Android\Android Studio\jbr\bin\instrument.dll
0x00007ffdab0e0000 - 0x00007ffdab105000 	C:\Program Files\Android\Android Studio\jbr\bin\java.dll
0x00007ffdb6380000 - 0x00007ffdb6398000 	C:\Program Files\Android\Android Studio\jbr\bin\zip.dll
0x00007ffdc03c0000 - 0x00007ffdc0b2b000 	C:\Windows\System32\SHELL32.dll
0x00007ffdbce00000 - 0x00007ffdbd59d000 	C:\Windows\SYSTEM32\windows.storage.dll
0x00007ffdc11d0000 - 0x00007ffdc1523000 	C:\Windows\System32\combase.dll
0x00007ffdbe650000 - 0x00007ffdbe67e000 	C:\Windows\SYSTEM32\Wldp.dll
0x00007ffdbfd30000 - 0x00007ffdbfdfd000 	C:\Windows\System32\OLEAUT32.dll
0x00007ffdc1120000 - 0x00007ffdc11cd000 	C:\Windows\System32\SHCORE.dll
0x00007ffdbf810000 - 0x00007ffdbf865000 	C:\Windows\System32\shlwapi.dll
0x00007ffdbed10000 - 0x00007ffdbed34000 	C:\Windows\SYSTEM32\profapi.dll
0x00007ffdb49b0000 - 0x00007ffdb49c9000 	C:\Program Files\Android\Android Studio\jbr\bin\net.dll
0x00007ffdb47a0000 - 0x00007ffdb48aa000 	C:\Windows\SYSTEM32\WINHTTP.dll
0x00007ffdbe430000 - 0x00007ffdbe49a000 	C:\Windows\system32\mswsock.dll
0x00007ffdab0c0000 - 0x00007ffdab0d6000 	C:\Program Files\Android\Android Studio\jbr\bin\nio.dll
0x00007ffdb7440000 - 0x00007ffdb7450000 	C:\Program Files\Android\Android Studio\jbr\bin\verify.dll
0x00007ffd96460000 - 0x00007ffd96487000 	C:\Users\Sistemas\.gradle\native\c067742578af261105cb4f569cf0c3c89f3d7b1fecec35dd04571415982c5e48\windows-amd64\native-platform.dll
0x00007ffd79100000 - 0x00007ffd79244000 	C:\Users\Sistemas\.gradle\native\38dada09dfb8b06ba9b0570ebf7e218e3eb74d4ef43ca46872605cf95ebc2f47\windows-amd64\native-platform-file-events.dll
0x00007ffdb4a70000 - 0x00007ffdb4a79000 	C:\Program Files\Android\Android Studio\jbr\bin\management.dll
0x00007ffdaeaa0000 - 0x00007ffdaeaab000 	C:\Program Files\Android\Android Studio\jbr\bin\management_ext.dll
0x00007ffdc00c0000 - 0x00007ffdc00c8000 	C:\Windows\System32\PSAPI.DLL
0x00007ffdbe690000 - 0x00007ffdbe6a8000 	C:\Windows\SYSTEM32\CRYPTSP.dll
0x00007ffdbdd70000 - 0x00007ffdbdda4000 	C:\Windows\system32\rsaenh.dll
0x00007ffdbec80000 - 0x00007ffdbecae000 	C:\Windows\SYSTEM32\USERENV.dll
0x00007ffdbe5c0000 - 0x00007ffdbe5cc000 	C:\Windows\SYSTEM32\CRYPTBASE.dll
0x00007ffdbe130000 - 0x00007ffdbe16b000 	C:\Windows\SYSTEM32\IPHLPAPI.DLL
0x00007ffdc1530000 - 0x00007ffdc1538000 	C:\Windows\System32\NSI.dll
0x00007ffdb4390000 - 0x00007ffdb43a7000 	C:\Windows\SYSTEM32\dhcpcsvc6.DLL
0x00007ffdb3750000 - 0x00007ffdb376d000 	C:\Windows\SYSTEM32\dhcpcsvc.DLL
0x00007ffdbe170000 - 0x00007ffdbe23b000 	C:\Windows\SYSTEM32\DNSAPI.dll
0x00007ffdb6330000 - 0x00007ffdb6339000 	C:\Program Files\Android\Android Studio\jbr\bin\extnet.dll
0x00007ffdb70c0000 - 0x00007ffdb70c7000 	C:\Windows\system32\wshunix.dll

dbghelp: loaded successfully - version: 4.0.5 - missing functions: none
symbol engine: initialized successfully - sym options: 0x614 - pdb path: .;C:\Program Files\Android\Android Studio\jbr\bin;C:\Windows\SYSTEM32;C:\Windows\WinSxS\amd64_microsoft.windows.common-controls_6595b64144ccf1df_6.0.19041.4355_none_60b8b9eb71f62e16;C:\Program Files\Android\Android Studio\jbr\bin\server;C:\Users\Sistemas\.gradle\native\c067742578af261105cb4f569cf0c3c89f3d7b1fecec35dd04571415982c5e48\windows-amd64;C:\Users\Sistemas\.gradle\native\38dada09dfb8b06ba9b0570ebf7e218e3eb74d4ef43ca46872605cf95ebc2f47\windows-amd64

VM Arguments:
jvm_args: --add-opens=java.base/java.util=ALL-UNNAMED --add-opens=java.base/java.lang=ALL-UNNAMED --add-opens=java.base/java.lang.invoke=ALL-UNNAMED --add-opens=java.prefs/java.util.prefs=ALL-UNNAMED --add-opens=java.base/java.nio.charset=ALL-UNNAMED --add-opens=java.base/java.net=ALL-UNNAMED --add-opens=java.base/java.util.concurrent.atomic=ALL-UNNAMED -Xmx2048m -Dfile.encoding=UTF-8 -Duser.country=ES -Duser.language=es -Duser.variant -javaagent:C:\Users\Sistemas\.gradle\wrapper\dists\gradle-8.6-bin\afr5mpiioh2wthjmwnkmdsd5w\gradle-8.6\lib\agents\gradle-instrumentation-agent-8.6.jar 
java_command: org.gradle.launcher.daemon.bootstrap.GradleDaemon 8.6
java_class_path (initial): C:\Users\Sistemas\.gradle\wrapper\dists\gradle-8.6-bin\afr5mpiioh2wthjmwnkmdsd5w\gradle-8.6\lib\gradle-launcher-8.6.jar
Launcher Type: SUN_STANDARD

[Global flags]
     intx CICompilerCount                          = 3                                         {product} {ergonomic}
     uint ConcGCThreads                            = 1                                         {product} {ergonomic}
     uint G1ConcRefinementThreads                  = 4                                         {product} {ergonomic}
   size_t G1HeapRegionSize                         = 1048576                                   {product} {ergonomic}
    uintx GCDrainStackTargetSize                   = 64                                        {product} {ergonomic}
   size_t InitialHeapSize                          = 268435456                                 {product} {ergonomic}
   size_t MarkStackSize                            = 4194304                                   {product} {ergonomic}
   size_t MaxHeapSize                              = 2147483648                                {product} {command line}
   size_t MaxNewSize                               = 1287651328                                {product} {ergonomic}
   size_t MinHeapDeltaBytes                        = 1048576                                   {product} {ergonomic}
   size_t MinHeapSize                              = 8388608                                   {product} {ergonomic}
    uintx NonNMethodCodeHeapSize                   = 5832780                                {pd product} {ergonomic}
    uintx NonProfiledCodeHeapSize                  = 122912730                              {pd product} {ergonomic}
    uintx ProfiledCodeHeapSize                     = 122912730                              {pd product} {ergonomic}
    uintx ReservedCodeCacheSize                    = 251658240                              {pd product} {ergonomic}
     bool SegmentedCodeCache                       = true                                      {product} {ergonomic}
   size_t SoftMaxHeapSize                          = 2147483648                             {manageable} {ergonomic}
     bool UseCompressedClassPointers               = true                           {product lp64_product} {ergonomic}
     bool UseCompressedOops                        = true                           {product lp64_product} {ergonomic}
     bool UseG1GC                                  = true                                      {product} {ergonomic}
     bool UseLargePagesIndividualAllocation        = false                                  {pd product} {ergonomic}

Logging:
Log output configuration:
 #0: stdout all=warning uptime,level,tags
 #1: stderr all=off uptime,level,tags

Environment Variables:
JAVA_HOME=C:\Program Files\Java\jdk1.8.0_251
PATH=C:\Program Files\Common Files\Oracle\Java\javapath;C:\Program Files (x86)\Common Files\Oracle\Java\javapath;C:\Program Files\Python39\Scripts\;C:\Windows\system32;C:\Windows;C:\Windows\System32\Wbem;C:\Windows\System32\WindowsPowerShell\v1.0\;C:\Windows\System32\OpenSSH\;C:\Program Files\dotnet\;C:\Program Files\Microsoft SQL Server\130\Tools\Binn\;C:\Program Files\Microsoft SQL Server\Client SDK\ODBC\170\Tools\Binn\;C:\Program Files\PuTTY\;C:\Program Files\Git\cmd;C:\Program Files\Microsoft SQL Server\150\Tools\Binn\;C:\Program Files (x86)\Microsoft SQL Server\160\DTS\Binn\;C:\Program Files\Azure Data Studio\bin;C:\Program Files (x86)\Microsoft SQL Server\150\Tools\Binn\;C:\Program Files\Microsoft SQL Server\150\DTS\Binn\;C:\Program Files\nodejs\;C:\xampp\php;C:\composer;C:\Program Files\Python39\;C:\Program Files\MongoDB\Server\5.0\bin;C:\Python27;C:\Program Files\Java\jdk-22\bin;C:\Program Files\MySQL\MySQL Server 8.4\bin;;C:\Users\Sistemas\AppData\Local\Programs\Microsoft VS Code\bin
USERNAME=Sistemas
OS=Windows_NT
PROCESSOR_IDENTIFIER=Intel64 Family 6 Model 142 Stepping 9, GenuineIntel
TMP=C:\Users\Sistemas\AppData\Local\Temp
TEMP=C:\Users\Sistemas\AppData\Local\Temp



Periodic native trim disabled

JNI global refs:
JNI global refs: 26, weak refs: 0

JNI global refs memory usage: 843, weak refs: 841

OOME stack traces (most recent first):
Classloader memory used:
Loader org.gradle.internal.classloader.VisitableURLClassLoader                         : 5870K
Loader bootstrap                                                                       : 2491K
Loader org.gradle.initialization.MixInLegacyTypesClassLoader                           : 929K
Loader org.gradle.internal.classloader.VisitableURLClassLoader$InstrumentingVisitableURLClassLoader: 87662B
Loader org.gradle.internal.classloader.VisitableURLClassLoader                         : 84892B
Loader jdk.internal.loader.ClassLoaders$PlatformClassLoader                            : 67419B
Loader jdk.internal.jrtfs.JrtFileSystemProvider$JrtFsLoader                            : 39035B
Loader jdk.internal.loader.ClassLoaders$AppClassLoader                                 : 28736B
Loader jdk.internal.reflect.DelegatingClassLoader                                      : 27567B
Loader org.gradle.groovy.scripts.internal.DefaultScriptCompilationHandler$ScriptClassLoader: 10973B
Loader org.codehaus.groovy.runtime.callsite.CallSiteClassLoader                        : 5998B

Classes loaded by more than one classloader:
Class org.gradle.internal.Cast                                                        : loaded 3 times (x 69B)
Class org.gradle.api.GradleException                                                  : loaded 3 times (x 80B)
Class org.jetbrains.plugins.gradle.model.MavenRepositoryModel                         : loaded 2 times (x 68B)
Class org.gradle.internal.classpath.ClassPath                                         : loaded 2 times (x 68B)
Class org.gradle.api.internal.classpath.DefaultModuleRegistry                         : loaded 2 times (x 84B)
Class org.gradle.internal.exceptions.NonGradleCauseExceptionsHolder                   : loaded 2 times (x 68B)
Class Settings_gradle$1$1                                                             : loaded 2 times (x 72B)
Class jdk.internal.jimage.BasicImageReader$1                                          : loaded 2 times (x 75B)
Class org.gradle.api.Action                                                           : loaded 2 times (x 68B)
Class org.jetbrains.kotlin.idea.gradleTooling.model.samWithReceiver.SamWithReceiverModel: loaded 2 times (x 68B)
Class org.jetbrains.plugins.gradle.model.ExternalProject                              : loaded 2 times (x 68B)
Class org.jetbrains.plugins.gradle.model.IntelliJSettings                             : loaded 2 times (x 68B)
Class jdk.internal.jimage.ImageBufferCache$1                                          : loaded 2 times (x 78B)
Class jdk.internal.jimage.ImageBufferCache$2                                          : loaded 2 times (x 89B)
Class org.jetbrains.kotlin.idea.gradleTooling.KotlinMPPGradleModel                    : loaded 2 times (x 68B)
Class org.gradle.api.internal.DefaultClassPathProvider                                : loaded 2 times (x 74B)
Class org.gradle.internal.installation.GradleInstallation$1                           : loaded 2 times (x 73B)
Class jdk.internal.jrtfs.SystemImage$1                                                : loaded 2 times (x 76B)
Class jdk.internal.jrtfs.SystemImage$2                                                : loaded 2 times (x 74B)
Class org.gradle.internal.exceptions.DefaultMultiCauseException                       : loaded 2 times (x 89B)
Class org.gradle.tooling.model.UnsupportedMethodException                             : loaded 2 times (x 80B)
Class org.gradle.util.GradleVersion                                                   : loaded 2 times (x 81B)
Class org.gradle.internal.classloader.FilteringClassLoader                            : loaded 2 times (x 103B)
Class jdk.internal.jimage.ImageReader$Resource                                        : loaded 2 times (x 82B)
Class jdk.internal.jrtfs.SystemImage                                                  : loaded 2 times (x 72B)
Class org.gradle.tooling.model.Model                                                  : loaded 2 times (x 68B)
Class org.gradle.internal.classpath.DefaultClassPath$ImmutableUniqueList$Builder      : loaded 2 times (x 73B)
Class org.jetbrains.kotlin.idea.gradleTooling.KotlinSourceSetContainer                : loaded 2 times (x 68B)
Class jdk.internal.jrtfs.JrtDirectoryStream$1                                         : loaded 2 times (x 81B)
Class org.gradle.internal.classloader.ClassLoaderVisitor                              : loaded 2 times (x 74B)
Class org.gradle.internal.time.DefaultCountdownTimer                                  : loaded 2 times (x 86B)
Class org.gradle.internal.service.DefaultServiceLocator                               : loaded 2 times (x 81B)
Class org.gradle.internal.service.UnknownServiceException                             : loaded 2 times (x 81B)
Class org.jetbrains.plugins.gradle.model.DependencyAccessorsModel                     : loaded 2 times (x 68B)
Class org.gradle.internal.classloader.DefaultClassLoaderFactory                       : loaded 2 times (x 80B)
Class jdk.internal.jimage.ImageReader$SharedImageReader                               : loaded 2 times (x 93B)
Class org.jetbrains.plugins.gradle.model.GradleExtensions                             : loaded 2 times (x 68B)
Class jdk.internal.jimage.decompressor.ZipDecompressorFactory                         : loaded 2 times (x 72B)
Class org.jetbrains.plugins.gradle.model.VersionCatalogsModel                         : loaded 2 times (x 68B)
Class org.gradle.internal.classloader.VisitableURLClassLoader$Spec                    : loaded 2 times (x 72B)
Class org.gradle.tooling.model.ProjectModel                                           : loaded 2 times (x 68B)
Class org.gradle.internal.time.MonotonicClock                                         : loaded 2 times (x 75B)
Class org.gradle.tooling.internal.gradle.DefaultProjectIdentifier                     : loaded 2 times (x 84B)
Class org.gradle.api.internal.classpath.ModuleRegistry                                : loaded 2 times (x 68B)
Class org.jetbrains.plugins.gradle.model.RepositoriesModel                            : loaded 2 times (x 68B)
Class kotlin.jvm.internal.markers.KMappedMarker                                       : loaded 2 times (x 68B)
Class org.gradle.api.internal.ClassPathProvider                                       : loaded 2 times (x 68B)
Class org.gradle.internal.classloader.ClasspathUtil$1                                 : loaded 2 times (x 74B)
Class org.gradle.internal.classloader.ClassLoaderFactory                              : loaded 2 times (x 68B)
Class jdk.internal.jimage.ImageHeader                                                 : loaded 2 times (x 69B)
Class org.gradle.api.internal.classpath.ManifestUtil                                  : loaded 2 times (x 69B)
Class org.gradle.api.specs.Spec                                                       : loaded 2 times (x 68B)
Class org.gradle.tooling.internal.gradle.GradleBuildIdentity                          : loaded 2 times (x 68B)
Class org.gradle.internal.IoActions                                                   : loaded 2 times (x 69B)
Class jdk.internal.jimage.decompressor.StringSharingDecompressorFactory               : loaded 2 times (x 72B)
Class org.gradle.api.internal.classpath.EffectiveClassPath                            : loaded 2 times (x 88B)
Class kotlin.jvm.internal.DefaultConstructorMarker                                    : loaded 2 times (x 69B)
Class org.jetbrains.kotlin.idea.gradleTooling.model.annotation.AnnotationBasedPluginModel: loaded 2 times (x 68B)
Class org.jetbrains.kotlin.idea.gradleTooling.model.assignment.AssignmentModel        : loaded 2 times (x 68B)
Class org.gradle.internal.installation.CurrentGradleInstallation                      : loaded 2 times (x 71B)
Class org.gradle.internal.agents.InstrumentingClassLoader                             : loaded 2 times (x 68B)
Class org.gradle.internal.installation.CurrentGradleInstallationLocator               : loaded 2 times (x 69B)
Class org.gradle.api.internal.classpath.Module                                        : loaded 2 times (x 68B)
Class org.gradle.internal.service.CachingServiceLocator                               : loaded 2 times (x 80B)
Class org.gradle.internal.time.Timer                                                  : loaded 2 times (x 68B)
Class org.jetbrains.plugins.gradle.model.tests.ExternalTestsModel                     : loaded 2 times (x 68B)
Class org.jetbrains.kotlin.idea.gradleTooling.KotlinDslScriptAdditionalTask           : loaded 2 times (x 68B)
Class org.gradle.internal.classpath.DefaultClassPath                                  : loaded 2 times (x 88B)
Class jdk.internal.jimage.BasicImageReader                                            : loaded 2 times (x 93B)
Class com.intellij.openapi.externalSystem.model.project.dependencies.ProjectDependencies: loaded 2 times (x 68B)
Class org.jetbrains.kotlin.idea.gradleTooling.PrepareKotlinIdeImportTaskModel         : loaded 2 times (x 68B)
Class jdk.internal.jimage.ImageLocation                                               : loaded 2 times (x 88B)
Class org.gradle.internal.impldep.com.google.common.base.Preconditions                : loaded 2 times (x 69B)
Class kotlin.jvm.functions.Function1                                                  : loaded 2 times (x 68B)
Class jdk.internal.jimage.ImageReader$Node                                            : loaded 2 times (x 82B)
Class org.gradle.internal.time.Time                                                   : loaded 2 times (x 69B)
Class jdk.internal.jimage.decompressor.CompressedResourceHeader                       : loaded 2 times (x 69B)
Class org.gradle.internal.time.TimeSource$1                                           : loaded 2 times (x 75B)
Class jdk.internal.jrtfs.JrtPath                                                      : loaded 2 times (x 116B)
Class jdk.internal.jimage.ImageStrings                                                : loaded 2 times (x 68B)
Class jdk.internal.jrtfs.JrtFileAttributes                                            : loaded 2 times (x 81B)
Class org.gradle.internal.classloader.SystemClassLoaderSpec                           : loaded 2 times (x 69B)
Class jdk.internal.jimage.decompressor.ResourceDecompressorRepository                 : loaded 2 times (x 69B)
Class kotlin.Function                                                                 : loaded 2 times (x 68B)
Class org.gradle.api.UncheckedIOException                                             : loaded 2 times (x 80B)
Class ijInit1_dypyionq6yzqyn9iwwm3mnyf9                                               : loaded 2 times (x 177B)
Class jdk.internal.jimage.decompressor.ResourceDecompressor$StringsProvider           : loaded 2 times (x 68B)
Class Program                                                                         : loaded 2 times (x 70B)
Class jdk.internal.jimage.decompressor.Decompressor                                   : loaded 2 times (x 70B)
Class jdk.internal.jrtfs.JrtFileSystem                                                : loaded 2 times (x 100B)
Class org.gradle.tooling.internal.gradle.GradleProjectIdentity                        : loaded 2 times (x 68B)
Class jdk.internal.jrtfs.JrtFileSystemProvider                                        : loaded 2 times (x 97B)
Class org.gradle.internal.time.CountdownTimer                                         : loaded 2 times (x 68B)
Class org.gradle.internal.time.Clock                                                  : loaded 2 times (x 68B)
Class org.gradle.internal.classloader.ClasspathUtil                                   : loaded 2 times (x 69B)
Class jdk.internal.jrtfs.JrtDirectoryStream                                           : loaded 2 times (x 87B)
Class org.gradle.tooling.model.BuildIdentifier                                        : loaded 2 times (x 68B)
Class jdk.internal.jimage.decompressor.ResourceDecompressor                           : loaded 2 times (x 68B)
Class sync_studio_tooling8_5rdhkf0gzax3122ngzq9qs1y6$_run_closure1                    : loaded 2 times (x 137B)
Class org.gradle.api.internal.DefaultClassPathRegistry                                : loaded 2 times (x 74B)
Class org.gradle.api.internal.classpath.DefaultModuleRegistry$DefaultModule           : loaded 2 times (x 84B)
Class org.gradle.internal.time.TimeSource                                             : loaded 2 times (x 68B)
Class org.jetbrains.kotlin.android.synthetic.idea.AndroidExtensionsGradleModel        : loaded 2 times (x 68B)
Class org.gradle.api.internal.classpath.UnknownModuleException                        : loaded 2 times (x 80B)
Class org.jetbrains.plugins.gradle.model.IntelliJProjectSettings                      : loaded 2 times (x 68B)
Class org.gradle.internal.service.ServiceLookupException                              : loaded 2 times (x 80B)
Class jdk.internal.jimage.ImageStringsReader                                          : loaded 2 times (x 78B)
Class org.gradle.cache.GlobalCache                                                    : loaded 2 times (x 68B)
Class jdk.internal.jimage.decompressor.ResourceDecompressorFactory                    : loaded 2 times (x 72B)
Class org.jetbrains.kotlin.idea.gradleTooling.model.lombok.LombokModel                : loaded 2 times (x 68B)
Class org.gradle.tooling.model.ProjectIdentifier                                      : loaded 2 times (x 68B)
Class [Lorg.gradle.api.internal.ClassPathProvider;                                    : loaded 2 times (x 67B)
Class jdk.internal.jimage.ImageReader$SharedImageReader$LocationVisitor               : loaded 2 times (x 68B)
Class org.gradle.internal.operations.MultipleBuildOperationFailures                   : loaded 2 times (x 89B)
Class org.gradle.util.internal.GUtil                                                  : loaded 2 times (x 69B)
Class jdk.internal.jimage.decompressor.ZipDecompressor                                : loaded 2 times (x 73B)
Class org.jetbrains.plugins.gradle.model.AnnotationProcessingModel                    : loaded 2 times (x 68B)
Class org.gradle.internal.classloader.ClassLoaderSpec                                 : loaded 2 times (x 69B)
Class sync_studio_tooling8_5rdhkf0gzax3122ngzq9qs1y6                                  : loaded 2 times (x 177B)
Class org.jetbrains.plugins.gradle.model.BuildScriptClasspathModel                    : loaded 2 times (x 68B)
Class org.gradle.internal.classloader.VisitableURLClassLoader                         : loaded 2 times (x 115B)
Class org.gradle.internal.installation.GradleInstallation                             : loaded 2 times (x 73B)
Class org.gradle.api.internal.ClassPathRegistry                                       : loaded 2 times (x 68B)
Class org.gradle.internal.classloader.VisitableURLClassLoader$InstrumentingVisitableURLClassLoader: loaded 2 times (x 121B)
Class org.gradle.internal.classloader.ClassLoaderHierarchy                            : loaded 2 times (x 68B)
Class org.gradle.internal.exceptions.MultiCauseException                              : loaded 2 times (x 68B)
Class jdk.internal.jimage.ImageReader                                                 : loaded 2 times (x 73B)
Class org.jetbrains.kotlin.idea.gradleTooling.model.parcelize.ParcelizeGradleModel    : loaded 2 times (x 68B)
Class org.gradle.internal.InternalTransformer                                         : loaded 2 times (x 68B)
Class org.jetbrains.kotlin.idea.gradleTooling.model.noarg.NoArgModel                  : loaded 2 times (x 68B)
Class org.jetbrains.kotlin.idea.gradleTooling.KotlinGradleModel                       : loaded 2 times (x 68B)
Class org.gradle.tooling.internal.gradle.DefaultBuildIdentifier                       : loaded 2 times (x 77B)
Class org.gradle.internal.service.ServiceLocator                                      : loaded 2 times (x 68B)
Class Settings_gradle$1                                                               : loaded 2 times (x 72B)
Class org.jetbrains.kotlin.idea.gradleTooling.model.allopen.AllOpenModel              : loaded 2 times (x 68B)
Class org.gradle.internal.classpath.DefaultClassPath$ImmutableUniqueList              : loaded 2 times (x 159B)
Class jdk.internal.jimage.ImageBufferCache                                            : loaded 2 times (x 69B)
Class org.gradle.internal.time.DefaultTimer                                           : loaded 2 times (x 78B)
Class org.gradle.internal.classpath.TransformedClassPath                              : loaded 2 times (x 94B)
Class Settings_gradle                                                                 : loaded 2 times (x 126B)
Class jdk.internal.jimage.ImageReader$Directory                                       : loaded 2 times (x 82B)


---------------  S Y S T E M  ---------------

OS:
 Windows 10 , 64 bit Build 19041 (10.0.19041.3636)
OS uptime: 2 days 8:31 hours
Hyper-V role detected

CPU: total 4 (initial active 4) (2 cores per cpu, 2 threads per core) family 6 model 142 stepping 9 microcode 0xb4, cx8, cmov, fxsr, ht, mmx, 3dnowpref, sse, sse2, sse3, ssse3, sse4.1, sse4.2, popcnt, lzcnt, tsc, tscinvbit, avx, avx2, aes, erms, clmul, bmi1, bmi2, adx, fma, vzeroupper, clflush, clflushopt, hv
Processor Information for processor 0
  Max Mhz: 2904, Current Mhz: 1502, Mhz Limit: 2700
Processor Information for processor 1
  Max Mhz: 2904, Current Mhz: 1502, Mhz Limit: 2700
Processor Information for processor 2
  Max Mhz: 2904, Current Mhz: 1502, Mhz Limit: 2700
Processor Information for processor 3
  Max Mhz: 2904, Current Mhz: 2703, Mhz Limit: 2700

Memory: 4k page, system-wide physical 16268M (1405M free)
TotalPageFile size 18316M (AvailPageFile size 4M)
current process WorkingSet (physical memory assigned to process): 360M, peak: 373M
current process commit charge ("private bytes"): 387M, peak: 402M

vm_info: OpenJDK 64-Bit Server VM (17.0.10+0--11572160) for windows-amd64 JRE (17.0.10+0--11572160), built on Mar 13 2024 23:56:38 by "androidbuild" with MS VC++ 16.10 / 16.11 (VS2019)

END.
